Downloading/unpacking numpy

  Getting page http://pypi.python.org/simple/numpy
  URLs to search for versions for numpy:
  * http://pypi.python.org/simple/numpy/
  Getting page http://numpy.scipy.org
  Getting page http://sourceforge.net/project/showfiles.php?group_id=1369&amp;package_id=175103
  Getting page http://numeric.scipy.org
  Analyzing links from page http://pypi.python.org/simple/numpy/
    Skipping link http://pypi.python.org/packages/3.2/n/numpy/numpy-1.6.0.win32-py3.2.exe#md5=7863302af8928fb345c420c6af136197 (from http://pypi.python.org/simple/numpy/); unknown archive format: .exe
    Skipping link http://pypi.python.org/packages/2.6/n/numpy/numpy-1.6.0.win32-py2.6.exe#md5=e09cd07ba120ed9c84b85c7a188b3bce (from http://pypi.python.org/simple/numpy/); unknown archive format: .exe
    Skipping link http://pypi.python.org/packages/3.1/n/numpy/numpy-1.5.1.win32-py3.1-nosse.exe#md5=13c5ebdd920f2c756602358135fd7196 (from http://pypi.python.org/simple/numpy/); unknown archive format: .exe
    Skipping link http://pypi.python.org/packages/2.5/n/numpy/numpy-1.6.0.win32-py2.5.exe#md5=539782c7311d4a3379f66a964159ef11 (from http://pypi.python.org/simple/numpy/); unknown archive format: .exe
    Skipping link http://pypi.python.org/packages/3.1/n/numpy/numpy-1.6.0.win32-py3.1.exe#md5=917c6b217b3867fe2cbdb788e4e6bb32 (from http://pypi.python.org/simple/numpy/); unknown archive format: .exe
    Skipping link http://pypi.python.org/packages/2.6/n/numpy/numpy-1.5.0.win32-py2.6.exe#md5=95fd147bb761ca8e2baf34a153586358 (from http://pypi.python.org/simple/numpy/); unknown archive format: .exe
    Skipping link http://pypi.python.org/packages/2.5/n/numpy/numpy-1.5.1.win32-py2.5-nosse.exe#md5=bfcb66706ebdece6a9680f79f2b643ca (from http://pypi.python.org/simple/numpy/); unknown archive format: .exe
    Skipping link http://pypi.python.org/packages/2.7/n/numpy/numpy-1.6.0.win32-py2.7.exe#md5=6f5266d348e5f4d1471a6ae66c26438d (from http://pypi.python.org/simple/numpy/); unknown archive format: .exe
    Found link http://pypi.python.org/packages/source/n/numpy/numpy-1.4.1.tar.gz#md5=89b8a56e018b634f7d05c56f17bc4943 (from http://pypi.python.org/simple/numpy/), version: 1.4.1
    Skipping link http://pypi.python.org/packages/2.5/n/numpy/numpy-1.6.1.win32-py2.5.exe#md5=33686581523c9e7368aefdd63a5952ef (from http://pypi.python.org/simple/numpy/); unknown archive format: .exe
    Skipping link http://pypi.python.org/packages/3.1/n/numpy/numpy-1.6.2.win32-py3.1.exe#md5=0503aa98053340a1a86e0758648e5d75 (from http://pypi.python.org/simple/numpy/); unknown archive format: .exe
    Skipping link http://pypi.python.org/packages/2.4/n/numpy/numpy-1.0.1.dev3460.win32-py2.4.exe#md5=a55b13b1f141de2aa965d5c5554c4ad8 (from http://pypi.python.org/simple/numpy/); unknown archive format: .exe
    Skipping link http://pypi.python.org/packages/3.1/n/numpy/numpy-1.6.1.win32-py3.1.exe#md5=e2b539da620e186df211dbd7339a8993 (from http://pypi.python.org/simple/numpy/); unknown archive format: .exe
    Skipping link http://pypi.python.org/packages/2.5/n/numpy/numpy-1.6.2.win32-py2.5.exe#md5=196bac98eebdc953b135a12f0e379d11 (from http://pypi.python.org/simple/numpy/); unknown archive format: .exe
    Skipping link http://pypi.python.org/packages/2.6/n/numpy/numpy-1.5.1.win32-py2.6-nosse.exe#md5=267627e760277e5f6a74a83772a4f1d0 (from http://pypi.python.org/simple/numpy/); unknown archive format: .exe
    Skipping link http://pypi.python.org/packages/2.6/n/numpy/numpy-1.6.2.win32-py2.6.exe#md5=941e4b1b65923addf8a7dc21ec7dbb7e (from http://pypi.python.org/simple/numpy/); unknown archive format: .exe
    Skipping link http://pypi.python.org/packages/2.6/n/numpy/numpy-1.6.1.win32-py2.6.exe#md5=67e0c10cf55b713bd27cbba94dee9673 (from http://pypi.python.org/simple/numpy/); unknown archive format: .exe
    Found link http://pypi.python.org/packages/source/n/numpy/numpy-1.6.1.zip#md5=462c22b8eb221c78ddd51de98fbb5979 (from http://pypi.python.org/simple/numpy/), version: 1.6.1
    Found link http://pypi.python.org/packages/source/n/numpy/numpy-1.6.0.tar.gz#md5=e0993c74cb8e83292e560eac1a9be8e9 (from http://pypi.python.org/simple/numpy/), version: 1.6.0
    Skipping link http://pypi.python.org/packages/2.7/n/numpy/numpy-1.6.1.win32-py2.7.exe#md5=30bec16292be262bd78ff1878a7d8953 (from http://pypi.python.org/simple/numpy/); unknown archive format: .exe
    Skipping link http://pypi.python.org/packages/2.5/n/numpy/numpy-1.3.0.win32-py2.5.exe#md5=28ee6681b04beb5bfc4bc056417ff087 (from http://pypi.python.org/simple/numpy/); unknown archive format: .exe
    Skipping link http://pypi.python.org/packages/3.2/n/numpy/numpy-1.6.1.win32-py3.2.exe#md5=a6b66602e72436db37e6edbbce269fdf (from http://pypi.python.org/simple/numpy/); unknown archive format: .exe
    Found link http://pypi.python.org/packages/source/n/numpy/numpy-1.3.0.tar.gz#md5=3f7773ff0971a5ebb8591536d8ec7bd6 (from http://pypi.python.org/simple/numpy/), version: 1.3.0
    Skipping link http://pypi.python.org/packages/2.7/n/numpy/numpy-1.5.1.win32-py2.7-nosse.exe#md5=7d6e48b35570c3d83db4cd0a4346b6c1 (from http://pypi.python.org/simple/numpy/); unknown archive format: .exe
    Skipping link http://pypi.python.org/packages/3.2/n/numpy/numpy-1.6.2.win32-py3.2.exe#md5=b98cc04b20347127e297a99b6114b514 (from http://pypi.python.org/simple/numpy/); unknown archive format: .exe
    Skipping link http://pypi.python.org/packages/2.7/n/numpy/numpy-1.6.2.win32-py2.7.exe#md5=3757650455a3cb50bf205bbc4c7f4703 (from http://pypi.python.org/simple/numpy/); unknown archive format: .exe
    Found link http://pypi.python.org/packages/source/n/numpy/numpy-1.6.2.zip#md5=7e13c931985f90efcfa0408f845d6fee (from http://pypi.python.org/simple/numpy/), version: 1.6.2
    Found link http://pypi.python.org/packages/source/n/numpy/numpy-1.5.0.tar.gz#md5=3a8bfdc434df782d647161c48943ee09 (from http://pypi.python.org/simple/numpy/), version: 1.5.0
    Found link http://pypi.python.org/packages/source/n/numpy/numpy-1.6.1.tar.gz#md5=2bce18c08fc4fce461656f0f4dd9103e (from http://pypi.python.org/simple/numpy/), version: 1.6.1
    Found link http://pypi.python.org/packages/source/n/numpy/numpy-1.6.0.zip#md5=f0ce7ea1a12b3b3480571980af243e48 (from http://pypi.python.org/simple/numpy/), version: 1.6.0
    Found link http://pypi.python.org/packages/source/n/numpy/numpy-1.6.2.tar.gz#md5=95ed6c9dcc94af1fc1642ea2a33c1bba (from http://pypi.python.org/simple/numpy/), version: 1.6.2
    Found link http://pypi.python.org/packages/source/n/numpy/numpy-1.5.1.tar.gz#md5=376ef150df41b5353944ab742145352d (from http://pypi.python.org/simple/numpy/), version: 1.5.1
    Skipping link http://numpy.scipy.org (from http://pypi.python.org/simple/numpy/); not a file
    Skipping link http://sourceforge.net/project/showfiles.php?group_id=1369&amp;package_id=175103 (from http://pypi.python.org/simple/numpy/); unknown archive format: .php
    Skipping link http://numeric.scipy.org (from http://pypi.python.org/simple/numpy/); not a file
  Analyzing links from page http://numpy.scipy.org
    Skipping link http://numpy.scipy.org/_static/scipy.css (from http://numpy.scipy.org); unknown archive format: .css
    Skipping link http://numpy.scipy.org/_static/pygments.css (from http://numpy.scipy.org); unknown archive format: .css
    Skipping link http://numpy.scipy.org/_static/favicon.ico (from http://numpy.scipy.org); unknown archive format: .ico
    Skipping link http://numpy.scipy.org/license.html (from http://numpy.scipy.org); unknown archive format: .html
    Skipping link http://numpy.scipy.org#scientific-computing-tools-for-python (from http://numpy.scipy.org); not a file
    Skipping link http://scipy.org/Download (from http://numpy.scipy.org); not a file
    Skipping link http://scipy.org/Getting_Started (from http://numpy.scipy.org); not a file
    Skipping link http://docs.scipy.org (from http://numpy.scipy.org); not a file
    Skipping link http://scipy.org/BugReport (from http://numpy.scipy.org); not a file
    Skipping link http://planet.scipy.org (from http://numpy.scipy.org); not a file
    Skipping link http://numpy.scipy.org/license.html#license (from http://numpy.scipy.org); unknown archive format: .html
    Skipping link http://numpy.scipy.org#getting-started (from http://numpy.scipy.org); not a file
    Skipping link http://www.scipy.org/Download (from http://numpy.scipy.org); not a file
    Skipping link http://www.scipy.org/Installing_SciPy (from http://numpy.scipy.org); not a file
    Skipping link http://docs.scipy.org/doc/ (from http://numpy.scipy.org); not a file
    Skipping link http://www.scipy.org/Tentative_NumPy_Tutorial (from http://numpy.scipy.org); not a file
    Skipping link http://www.scipy.org/NumPy_for_Matlab_Users (from http://numpy.scipy.org); not a file
    Skipping link http://www.scipy.org/Numpy_Functions_by_Category (from http://numpy.scipy.org); not a file
    Skipping link http://www.scipy.org/Mailing_Lists (from http://numpy.scipy.org); not a file
    Skipping link http://numpy.scipy.org#more-information (from http://numpy.scipy.org); not a file
    Skipping link http://sourceforge.net/projects/numpy/ (from http://numpy.scipy.org); not a file
    Skipping link http://www.scipy.org/ (from http://numpy.scipy.org); not a file
    Skipping link http://www.scipy.org/Topical_Software#head-7153b42ac4ea517c7d99ec4f4453555b2302a1f8 (from http://numpy.scipy.org); not a file
    Skipping link http://numpy.scipy.org/old_array_packages.html (from http://numpy.scipy.org); unknown archive format: .html
    Skipping link http://sphinx.pocoo.org/ (from http://numpy.scipy.org); not a file
  Analyzing links from page http://sourceforge.net/projects/numpy/files/OldFiles/
    Skipping link http://a.fsdn.com/con/img/sftheme/favicon.ico (from http://sourceforge.net/projects/numpy/files/OldFiles/); unknown archive format: .ico
    Skipping link http://fonts.googleapis.com/css?family=Ubuntu:regular (from http://sourceforge.net/projects/numpy/files/OldFiles/); not a file
    Skipping link http://a.fsdn.com/con/css/sf.css?1338395803 (from http://sourceforge.net/projects/numpy/files/OldFiles/); unknown archive format: .css
    Skipping link http://sourceforge.net/ (from http://sourceforge.net/projects/numpy/files/OldFiles/); not a file
    Skipping link http://sourceforge.net/directory/ (from http://sourceforge.net/projects/numpy/files/OldFiles/); not a file
    Skipping link http://sourceforge.net/blog/ (from http://sourceforge.net/projects/numpy/files/OldFiles/); not a file
    Skipping link http://sourceforge.net/support (from http://sourceforge.net/projects/numpy/files/OldFiles/); not a file
    Skipping link http://jobs.sourceforge.net/ (from http://sourceforge.net/projects/numpy/files/OldFiles/); not a file
    Skipping link https://sourceforge.net/user/registration (from http://sourceforge.net/projects/numpy/files/OldFiles/); not a file
    Skipping link http://geek.net/events/ (from http://sourceforge.net/projects/numpy/files/OldFiles/); not a file
    Skipping link https://sourceforge.net/account/login.php (from http://sourceforge.net/projects/numpy/files/OldFiles/); unknown archive format: .php
    Skipping link http://sourceforge.net/users/jarrodmillman (from http://sourceforge.net/projects/numpy/files/OldFiles/); not a file
    Skipping link http://sourceforge.net/users/jaytmiller (from http://sourceforge.net/projects/numpy/files/OldFiles/); not a file
    Skipping link http://sourceforge.net/users/kern (from http://sourceforge.net/projects/numpy/files/OldFiles/); not a file
    Skipping link http://sourceforge.net/users/teoliphant (from http://sourceforge.net/projects/numpy/files/OldFiles/); not a file
    Skipping link http://sourceforge.net/projects/numpy/files/ (from http://sourceforge.net/projects/numpy/files/OldFiles/); not a file
    Skipping link http://sourceforge.net/projects/numpy/reviews/ (from http://sourceforge.net/projects/numpy/files/OldFiles/); not a file
    Skipping link http://sourceforge.net/projects/numpy/support (from http://sourceforge.net/projects/numpy/files/OldFiles/); not a file
    Skipping link http://sourceforge.net/projects/numpy/develop (from http://sourceforge.net/projects/numpy/files/OldFiles/); not a file
    Skipping link http://sourceforge.net/projects/numpy/stats/traffic (from http://sourceforge.net/projects/numpy/files/OldFiles/); not a file
    Skipping link http://sourceforge.net/downloads/numpy/stats_timeline (from http://sourceforge.net/projects/numpy/files/OldFiles/); not a file
    Skipping link https://sourceforge.net/apps/trac/sourceforge/wiki/Release%20files%20for%20download#SCP (from http://sourceforge.net/projects/numpy/files/OldFiles/); not a file
    Skipping link http://sourceforge.net/projects/numpy/files/latest/download?source=files (from http://sourceforge.net/projects/numpy/files/OldFiles/); not a file
    Skipping link http://sourceforge.net/api/file/index/project-id/1369/mtime/desc/limit/20/rss (from http://sourceforge.net/projects/numpy/files/OldFiles/); not a file
    Skipping link http://sourceforge.net/projects/numpy/files/OldFiles/1.4.0rc2/ (from http://sourceforge.net/projects/numpy/files/OldFiles/); unknown archive format: .0rc2
    Skipping link http://sourceforge.net/projects/numpy/files/OldFiles/1.4.0rc2/stats/timeline (from http://sourceforge.net/projects/numpy/files/OldFiles/); not a file
    Skipping link http://sourceforge.net/projects/numpy/files/OldFiles/1.4.0rc1/ (from http://sourceforge.net/projects/numpy/files/OldFiles/); unknown archive format: .0rc1
    Skipping link http://sourceforge.net/projects/numpy/files/OldFiles/1.4.0rc1/stats/timeline (from http://sourceforge.net/projects/numpy/files/OldFiles/); not a file
    Skipping link http://sourceforge.net/projects/numpy/files/OldFiles/1.3.0rc2/ (from http://sourceforge.net/projects/numpy/files/OldFiles/); unknown archive format: .0rc2
    Skipping link http://sourceforge.net/projects/numpy/files/OldFiles/1.3.0rc2/stats/timeline (from http://sourceforge.net/projects/numpy/files/OldFiles/); not a file
    Skipping link http://sourceforge.net/projects/numpy/files/OldFiles/1.3.0rc1/ (from http://sourceforge.net/projects/numpy/files/OldFiles/); unknown archive format: .0rc1
    Skipping link http://sourceforge.net/projects/numpy/files/OldFiles/1.3.0rc1/stats/timeline (from http://sourceforge.net/projects/numpy/files/OldFiles/); not a file
    Skipping link http://sourceforge.net/projects/numpy/files/OldFiles/1.3.0b1/ (from http://sourceforge.net/projects/numpy/files/OldFiles/); unknown archive format: .0b1
    Skipping link http://sourceforge.net/projects/numpy/files/OldFiles/1.3.0b1/stats/timeline (from http://sourceforge.net/projects/numpy/files/OldFiles/); not a file
    Skipping link http://sourceforge.net/projects/numpy/files/OldFiles/1.4.1/ (from http://sourceforge.net/projects/numpy/files/OldFiles/); unknown archive format: .1
    Skipping link http://sourceforge.net/projects/numpy/files/OldFiles/1.4.1/stats/timeline (from http://sourceforge.net/projects/numpy/files/OldFiles/); not a file
    Skipping link http://sourceforge.net/projects/numpy/files/OldFiles/1.3.3/ (from http://sourceforge.net/projects/numpy/files/OldFiles/); unknown archive format: .3
    Skipping link http://sourceforge.net/projects/numpy/files/OldFiles/1.3.3/stats/timeline (from http://sourceforge.net/projects/numpy/files/OldFiles/); not a file
    Skipping link http://sourceforge.net/projects/numpy/files/OldFiles/1.2.3/ (from http://sourceforge.net/projects/numpy/files/OldFiles/); unknown archive format: .3
    Skipping link http://sourceforge.net/projects/numpy/files/OldFiles/1.2.3/stats/timeline (from http://sourceforge.net/projects/numpy/files/OldFiles/); not a file
    Skipping link http://sourceforge.net/projects/numpy/files/OldFiles/23.8/ (from http://sourceforge.net/projects/numpy/files/OldFiles/); unknown archive format: .8
    Skipping link http://sourceforge.net/projects/numpy/files/OldFiles/23.8/stats/timeline (from http://sourceforge.net/projects/numpy/files/OldFiles/); not a file
    Skipping link http://sourceforge.net/projects/numpy/files/OldFiles/23.7/ (from http://sourceforge.net/projects/numpy/files/OldFiles/); unknown archive format: .7
    Skipping link http://sourceforge.net/projects/numpy/files/OldFiles/23.7/stats/timeline (from http://sourceforge.net/projects/numpy/files/OldFiles/); not a file
    Skipping link http://sourceforge.net/projects/numpy/files/OldFiles/23.6/ (from http://sourceforge.net/projects/numpy/files/OldFiles/); unknown archive format: .6
    Skipping link http://sourceforge.net/projects/numpy/files/OldFiles/23.6/stats/timeline (from http://sourceforge.net/projects/numpy/files/OldFiles/); not a file
    Skipping link http://sourceforge.net/projects/numpy/files/OldFiles/23.5/ (from http://sourceforge.net/projects/numpy/files/OldFiles/); unknown archive format: .5
    Skipping link http://sourceforge.net/projects/numpy/files/OldFiles/23.5/stats/timeline (from http://sourceforge.net/projects/numpy/files/OldFiles/); not a file
    Skipping link http://sourceforge.net/projects/numpy/files/OldFiles/23.4/ (from http://sourceforge.net/projects/numpy/files/OldFiles/); unknown archive format: .4
    Skipping link http://sourceforge.net/projects/numpy/files/OldFiles/23.4/stats/timeline (from http://sourceforge.net/projects/numpy/files/OldFiles/); not a file
    Skipping link http://sourceforge.net/projects/numpy/files/OldFiles/23.3/ (from http://sourceforge.net/projects/numpy/files/OldFiles/); unknown archive format: .3
    Skipping link http://sourceforge.net/projects/numpy/files/OldFiles/23.3/stats/timeline (from http://sourceforge.net/projects/numpy/files/OldFiles/); not a file
    Skipping link http://sourceforge.net/projects/numpy/files/OldFiles/23.1/ (from http://sourceforge.net/projects/numpy/files/OldFiles/); unknown archive format: .1
    Skipping link http://sourceforge.net/projects/numpy/files/OldFiles/23.1/stats/timeline (from http://sourceforge.net/projects/numpy/files/OldFiles/); not a file
    Skipping link http://twitter.com/sfnet_ops (from http://sourceforge.net/projects/numpy/files/OldFiles/); not a file
    Skipping link http://geek.net/terms-of-use (from http://sourceforge.net/projects/numpy/files/OldFiles/); not a file
    Skipping link http://geek.net/privacy-statement (from http://sourceforge.net/projects/numpy/files/OldFiles/); not a file
    Skipping link http://geek.net/opt-out-choices (from http://sourceforge.net/projects/numpy/files/OldFiles/); not a file
    Skipping link http://geek.net/advertise/ (from http://sourceforge.net/projects/numpy/files/OldFiles/); not a file
    Skipping link http://sourceforge.net/about (from http://sourceforge.net/projects/numpy/files/OldFiles/); not a file
    Skipping link http://goparallel.sourceforge.net/ (from http://sourceforge.net/projects/numpy/files/OldFiles/); not a file
    Skipping link http://sourceforge.jp/ (from http://sourceforge.net/projects/numpy/files/OldFiles/); not a file
    Skipping link http://geek.net (from http://sourceforge.net/projects/numpy/files/OldFiles/); not a file
    Skipping link http://sourceforge.net/projects/numpy/files/OldFiles/%3c%%20if%20%28this.type%20===%20%27f%27%29%20%7b%20%%3e%3c%=%20this.download_url%20%%3e%3c%%20%7d%20else%20%7b%20%%3e%3c%=%20this.url%20%%3e%3c%%20%7d%20%%3e (from http://sourceforge.net/projects/numpy/files/OldFiles/); unknown archive format: .url%20%%3e%3c%%20%7d%20%%3e
    Skipping link http://sourceforge.net/projects/numpy/files/OldFiles/%3c%=%20this.legacy_release_notes%20%%3e (from http://sourceforge.net/projects/numpy/files/OldFiles/); unknown archive format: .legacy_release_notes%20%%3e
  Analyzing links from page http://numpy.scipy.org//
    Skipping link http://numpy.scipy.org//_static/scipy.css (from http://numpy.scipy.org//); unknown archive format: .css
    Skipping link http://numpy.scipy.org//_static/pygments.css (from http://numpy.scipy.org//); unknown archive format: .css
    Skipping link http://numpy.scipy.org//_static/favicon.ico (from http://numpy.scipy.org//); unknown archive format: .ico
    Skipping link http://numpy.scipy.org// (from http://numpy.scipy.org//); not a file
    Skipping link http://numpy.scipy.org//license.html (from http://numpy.scipy.org//); unknown archive format: .html
    Skipping link http://numpy.scipy.org//#scientific-computing-tools-for-python (from http://numpy.scipy.org//); not a file
    Skipping link http://numpy.scipy.org//license.html#license (from http://numpy.scipy.org//); unknown archive format: .html
    Skipping link http://numpy.scipy.org//#getting-started (from http://numpy.scipy.org//); not a file
    Skipping link http://numpy.scipy.org//#more-information (from http://numpy.scipy.org//); not a file
    Skipping link http://numpy.scipy.org//old_array_packages.html (from http://numpy.scipy.org//); unknown archive format: .html
  Using version 1.6.2 (newest of versions: 1.6.2, 1.6.2, 1.6.1, 1.6.1, 1.6.0, 1.6.0, 1.5.1, 1.5.0, 1.4.1, 1.3.0)
  Downloading from URL http://pypi.python.org/packages/source/n/numpy/numpy-1.6.2.zip#md5=7e13c931985f90efcfa0408f845d6fee (from http://pypi.python.org/simple/numpy/)
  Running setup.py egg_info for package numpy

    Running from numpy source directory./bin/sh: svnversion: not found

    non-existing path in 'numpy/distutils': 'site.cfg'

    F2PY Version 2

    blas_opt_info:

    blas_mkl_info:

      libraries mkl,vml,guide not found in /home/stu/testingpip/lib

      libraries mkl,vml,guide not found in /usr/local/lib

      libraries mkl,vml,guide not found in /usr/lib64

      libraries mkl,vml,guide not found in /usr/lib

      NOT AVAILABLE

    

    atlas_blas_threads_info:

    Setting PTATLAS=ATLAS

      libraries ptf77blas,ptcblas,atlas not found in /home/stu/testingpip/lib

      libraries ptf77blas,ptcblas,atlas not found in /usr/local/lib

      libraries ptf77blas,ptcblas,atlas not found in /usr/lib64

      libraries ptf77blas,ptcblas,atlas not found in /usr/lib

      NOT AVAILABLE

    

    atlas_blas_info:

      libraries f77blas,cblas,atlas not found in /home/stu/testingpip/lib

      libraries f77blas,cblas,atlas not found in /usr/local/lib

      libraries f77blas,cblas,atlas not found in /usr/lib64

      libraries f77blas,cblas,atlas not found in /usr/lib

      NOT AVAILABLE

    

    /home/stu/testingpip/build/numpy/numpy/distutils/system_info.py:1425: UserWarning:

        Atlas (http://math-atlas.sourceforge.net/) libraries not found.

        Directories to search for the libraries can be specified in the

        numpy/distutils/site.cfg file (section [atlas]) or by setting

        the ATLAS environment variable.

      warnings.warn(AtlasNotFoundError.__doc__)

    blas_info:

      libraries blas not found in /home/stu/testingpip/lib

      libraries blas not found in /usr/local/lib

      FOUND:

        libraries = ['blas']

        library_dirs = ['/usr/lib64']

        language = f77

    

      FOUND:

        libraries = ['blas']

        library_dirs = ['/usr/lib64']

        define_macros = [('NO_ATLAS_INFO', 1)]

        language = f77

    

    /bin/sh: svnversion: not found

    lapack_opt_info:

    lapack_mkl_info:

    mkl_info:

      libraries mkl,vml,guide not found in /home/stu/testingpip/lib

      libraries mkl,vml,guide not found in /usr/local/lib

      libraries mkl,vml,guide not found in /usr/lib64

      libraries mkl,vml,guide not found in /usr/lib

      NOT AVAILABLE

    

      NOT AVAILABLE

    

    atlas_threads_info:

    Setting PTATLAS=ATLAS

      libraries ptf77blas,ptcblas,atlas not found in /home/stu/testingpip/lib

      libraries lapack_atlas not found in /home/stu/testingpip/lib

      libraries ptf77blas,ptcblas,atlas not found in /usr/local/lib

      libraries lapack_atlas not found in /usr/local/lib

      libraries ptf77blas,ptcblas,atlas not found in /usr/lib64

      libraries lapack_atlas not found in /usr/lib64

      libraries ptf77blas,ptcblas,atlas not found in /usr/lib

      libraries lapack_atlas not found in /usr/lib

    numpy.distutils.system_info.atlas_threads_info

      NOT AVAILABLE

    

    atlas_info:

      libraries f77blas,cblas,atlas not found in /home/stu/testingpip/lib

      libraries lapack_atlas not found in /home/stu/testingpip/lib

      libraries f77blas,cblas,atlas not found in /usr/local/lib

      libraries lapack_atlas not found in /usr/local/lib

      libraries f77blas,cblas,atlas not found in /usr/lib64

      libraries lapack_atlas not found in /usr/lib64

      libraries f77blas,cblas,atlas not found in /usr/lib

      libraries lapack_atlas not found in /usr/lib

    numpy.distutils.system_info.atlas_info

      NOT AVAILABLE

    

    /home/stu/testingpip/build/numpy/numpy/distutils/system_info.py:1340: UserWarning:

        Atlas (http://math-atlas.sourceforge.net/) libraries not found.

        Directories to search for the libraries can be specified in the

        numpy/distutils/site.cfg file (section [atlas]) or by setting

        the ATLAS environment variable.

      warnings.warn(AtlasNotFoundError.__doc__)

    lapack_info:

      libraries lapack not found in /home/stu/testingpip/lib

      libraries lapack not found in /usr/local/lib

      FOUND:

        libraries = ['lapack']

        library_dirs = ['/usr/lib64']

        language = f77

    

      FOUND:

        libraries = ['lapack', 'blas']

        library_dirs = ['/usr/lib64']

        define_macros = [('NO_ATLAS_INFO', 1)]

        language = f77

    

    running egg_info
    running build_src
    build_src

    building py_modules sources

    creating build
    creating build/src.linux-x86_64-2.6
    creating build/src.linux-x86_64-2.6/numpy
    creating build/src.linux-x86_64-2.6/numpy/distutils
    building library "npymath" sources

    customize GnuFCompiler

    Could not locate executable g77

    Could not locate executable f77

    customize IntelFCompiler

    Could not locate executable ifort

    Could not locate executable ifc

    customize LaheyFCompiler

    Could not locate executable lf95

    customize PGroupFCompiler

    Could not locate executable pgfortran

    customize AbsoftFCompiler

    Could not locate executable f90

    customize NAGFCompiler

    Found executable /usr/bin/f95

    customize VastFCompiler

    customize CompaqFCompiler

    Could not locate executable fort

    customize IntelItaniumFCompiler

    Could not locate executable efort

    Could not locate executable efc

    customize IntelEM64TFCompiler

    customize Gnu95FCompiler

    Found executable /usr/bin/gfortran

    customize Gnu95FCompiler

    customize Gnu95FCompiler using config

    C compiler: gcc -pthread -fno-strict-aliasing -DNDEBUG -g -fwrapv -O2 -Wall -Wstrict-prototypes -fPIC

    

    compile options: '-Inumpy/core/src/private -Inumpy/core/src -Inumpy/core -Inumpy/core/src/npymath -Inumpy/core/src/multiarray -Inumpy/core/src/umath -Inumpy/core/include -I/usr/include/python2.6 -c'

    gcc: _configtest.c

    gcc -pthread _configtest.o -o _configtest

    success!

    removing: _configtest.c _configtest.o _configtest

    C compiler: gcc -pthread -fno-strict-aliasing -DNDEBUG -g -fwrapv -O2 -Wall -Wstrict-prototypes -fPIC

    

    compile options: '-Inumpy/core/src/private -Inumpy/core/src -Inumpy/core -Inumpy/core/src/npymath -Inumpy/core/src/multiarray -Inumpy/core/src/umath -Inumpy/core/include -I/usr/include/python2.6 -c'

    gcc: _configtest.c

    _configtest.c:1: warning: conflicting types for built-in function ‘exp’

    gcc -pthread _configtest.o -o _configtest

    _configtest.o: In function `main':

    /home/stu/testingpip/build/numpy/_configtest.c:6: undefined reference to `exp'

    collect2: ld returned 1 exit status

    _configtest.o: In function `main':

    /home/stu/testingpip/build/numpy/_configtest.c:6: undefined reference to `exp'

    collect2: ld returned 1 exit status

    failure.

    removing: _configtest.c _configtest.o

    C compiler: gcc -pthread -fno-strict-aliasing -DNDEBUG -g -fwrapv -O2 -Wall -Wstrict-prototypes -fPIC

    

    compile options: '-Inumpy/core/src/private -Inumpy/core/src -Inumpy/core -Inumpy/core/src/npymath -Inumpy/core/src/multiarray -Inumpy/core/src/umath -Inumpy/core/include -I/usr/include/python2.6 -c'

    gcc: _configtest.c

    _configtest.c:1: warning: conflicting types for built-in function ‘exp’

    gcc -pthread _configtest.o -lm -o _configtest

    success!

    removing: _configtest.c _configtest.o _configtest

    creating build/src.linux-x86_64-2.6/numpy/core
    creating build/src.linux-x86_64-2.6/numpy/core/src
    creating build/src.linux-x86_64-2.6/numpy/core/src/npymath
    conv_template:> build/src.linux-x86_64-2.6/numpy/core/src/npymath/npy_math.c

    conv_template:> build/src.linux-x86_64-2.6/numpy/core/src/npymath/ieee754.c

    conv_template:> build/src.linux-x86_64-2.6/numpy/core/src/npymath/npy_math_complex.c

    building extension "numpy.core._sort" sources

    Generating build/src.linux-x86_64-2.6/numpy/core/include/numpy/config.h

    C compiler: gcc -pthread -fno-strict-aliasing -DNDEBUG -g -fwrapv -O2 -Wall -Wstrict-prototypes -fPIC

    

    compile options: '-Inumpy/core/src/private -Inumpy/core/src -Inumpy/core -Inumpy/core/src/npymath -Inumpy/core/src/multiarray -Inumpy/core/src/umath -Inumpy/core/include -I/usr/include/python2.6 -c'

    gcc: _configtest.c

    success!

    removing: _configtest.c _configtest.o

    C compiler: gcc -pthread -fno-strict-aliasing -DNDEBUG -g -fwrapv -O2 -Wall -Wstrict-prototypes -fPIC

    

    compile options: '-Inumpy/core/src/private -Inumpy/core/src -Inumpy/core -Inumpy/core/src/npymath -Inumpy/core/src/multiarray -Inumpy/core/src/umath -Inumpy/core/include -I/usr/include/python2.6 -c'

    gcc: _configtest.c

    success!

    removing: _configtest.c _configtest.o

    C compiler: gcc -pthread -fno-strict-aliasing -DNDEBUG -g -fwrapv -O2 -Wall -Wstrict-prototypes -fPIC

    

    compile options: '-Inumpy/core/src/private -Inumpy/core/src -Inumpy/core -Inumpy/core/src/npymath -Inumpy/core/src/multiarray -Inumpy/core/src/umath -Inumpy/core/include -I/usr/include/python2.6 -c'

    gcc: _configtest.c

    _configtest.c:5: warning: function declaration isn’t a prototype

    success!

    removing: _configtest.c _configtest.o

    C compiler: gcc -pthread -fno-strict-aliasing -DNDEBUG -g -fwrapv -O2 -Wall -Wstrict-prototypes -fPIC

    

    compile options: '-Inumpy/core/src/private -Inumpy/core/src -Inumpy/core -Inumpy/core/src/npymath -Inumpy/core/src/multiarray -Inumpy/core/src/umath -Inumpy/core/include -I/usr/include/python2.6 -c'

    gcc: _configtest.c

    _configtest.c:5: warning: function declaration isn’t a prototype

    success!

    removing: _configtest.c _configtest.o

    C compiler: gcc -pthread -fno-strict-aliasing -DNDEBUG -g -fwrapv -O2 -Wall -Wstrict-prototypes -fPIC

    

    compile options: '-Inumpy/core/src/private -Inumpy/core/src -Inumpy/core -Inumpy/core/src/npymath -Inumpy/core/src/multiarray -Inumpy/core/src/umath -Inumpy/core/include -I/usr/include/python2.6 -c'

    gcc: _configtest.c

    _configtest.c:5: warning: function declaration isn’t a prototype

    success!

    removing: _configtest.c _configtest.o

    C compiler: gcc -pthread -fno-strict-aliasing -DNDEBUG -g -fwrapv -O2 -Wall -Wstrict-prototypes -fPIC

    

    compile options: '-Inumpy/core/src/private -Inumpy/core/src -Inumpy/core -Inumpy/core/src/npymath -Inumpy/core/src/multiarray -Inumpy/core/src/umath -Inumpy/core/include -I/usr/include/python2.6 -c'

    gcc: _configtest.c

    _configtest.c:5: warning: function declaration isn’t a prototype

    success!

    removing: _configtest.c _configtest.o

    C compiler: gcc -pthread -fno-strict-aliasing -DNDEBUG -g -fwrapv -O2 -Wall -Wstrict-prototypes -fPIC

    

    compile options: '-Inumpy/core/src/private -Inumpy/core/src -Inumpy/core -Inumpy/core/src/npymath -Inumpy/core/src/multiarray -Inumpy/core/src/umath -Inumpy/core/include -I/usr/include/python2.6 -c'

    gcc: _configtest.c

    _configtest.c:4: warning: function declaration isn’t a prototype

    removing: _configtest.c _configtest.o

    C compiler: gcc -pthread -fno-strict-aliasing -DNDEBUG -g -fwrapv -O2 -Wall -Wstrict-prototypes -fPIC

    

    compile options: '-Inumpy/core/src/private -Inumpy/core/src -Inumpy/core -Inumpy/core/src/npymath -Inumpy/core/src/multiarray -Inumpy/core/src/umath -Inumpy/core/include -I/usr/include/python2.6 -c'

    gcc: _configtest.c

    _configtest.c:4: warning: function declaration isn’t a prototype

    removing: _configtest.c _configtest.o

    C compiler: gcc -pthread -fno-strict-aliasing -DNDEBUG -g -fwrapv -O2 -Wall -Wstrict-prototypes -fPIC

    

    compile options: '-Inumpy/core/src/private -Inumpy/core/src -Inumpy/core -Inumpy/core/src/npymath -Inumpy/core/src/multiarray -Inumpy/core/src/umath -Inumpy/core/include -I/usr/include/python2.6 -c'

    gcc: _configtest.c

    _configtest.c:4: warning: function declaration isn’t a prototype

    removing: _configtest.c _configtest.o

    C compiler: gcc -pthread -fno-strict-aliasing -DNDEBUG -g -fwrapv -O2 -Wall -Wstrict-prototypes -fPIC

    

    compile options: '-Inumpy/core/src/private -Inumpy/core/src -Inumpy/core -Inumpy/core/src/npymath -Inumpy/core/src/multiarray -Inumpy/core/src/umath -Inumpy/core/include -I/usr/include/python2.6 -c'

    gcc: _configtest.c

    _configtest.c:4: warning: function declaration isn’t a prototype

    _configtest.c: In function ‘main’:

    _configtest.c:5: error: size of array ‘test_array’ is negative

    _configtest.c:4: warning: function declaration isn’t a prototype

    _configtest.c: In function ‘main’:

    _configtest.c:5: error: size of array ‘test_array’ is negative

    C compiler: gcc -pthread -fno-strict-aliasing -DNDEBUG -g -fwrapv -O2 -Wall -Wstrict-prototypes -fPIC

    

    compile options: '-Inumpy/core/src/private -Inumpy/core/src -Inumpy/core -Inumpy/core/src/npymath -Inumpy/core/src/multiarray -Inumpy/core/src/umath -Inumpy/core/include -I/usr/include/python2.6 -c'

    gcc: _configtest.c

    _configtest.c:4: warning: function declaration isn’t a prototype

    _configtest.c: In function ‘main’:

    _configtest.c:5: error: size of array ‘test_array’ is negative

    _configtest.c:4: warning: function declaration isn’t a prototype

    _configtest.c: In function ‘main’:

    _configtest.c:5: error: size of array ‘test_array’ is negative

    C compiler: gcc -pthread -fno-strict-aliasing -DNDEBUG -g -fwrapv -O2 -Wall -Wstrict-prototypes -fPIC

    

    compile options: '-Inumpy/core/src/private -Inumpy/core/src -Inumpy/core -Inumpy/core/src/npymath -Inumpy/core/src/multiarray -Inumpy/core/src/umath -Inumpy/core/include -I/usr/include/python2.6 -c'

    gcc: _configtest.c

    _configtest.c:4: warning: function declaration isn’t a prototype

    _configtest.c: In function ‘main’:

    _configtest.c:5: error: size of array ‘test_array’ is negative

    _configtest.c:4: warning: function declaration isn’t a prototype

    _configtest.c: In function ‘main’:

    _configtest.c:5: error: size of array ‘test_array’ is negative

    C compiler: gcc -pthread -fno-strict-aliasing -DNDEBUG -g -fwrapv -O2 -Wall -Wstrict-prototypes -fPIC

    

    compile options: '-Inumpy/core/src/private -Inumpy/core/src -Inumpy/core -Inumpy/core/src/npymath -Inumpy/core/src/multiarray -Inumpy/core/src/umath -Inumpy/core/include -I/usr/include/python2.6 -c'

    gcc: _configtest.c

    _configtest.c:4: warning: function declaration isn’t a prototype

    _configtest.c: In function ‘main’:

    _configtest.c:5: error: size of array ‘test_array’ is negative

    _configtest.c:4: warning: function declaration isn’t a prototype

    _configtest.c: In function ‘main’:

    _configtest.c:5: error: size of array ‘test_array’ is negative

    C compiler: gcc -pthread -fno-strict-aliasing -DNDEBUG -g -fwrapv -O2 -Wall -Wstrict-prototypes -fPIC

    

    compile options: '-Inumpy/core/src/private -Inumpy/core/src -Inumpy/core -Inumpy/core/src/npymath -Inumpy/core/src/multiarray -Inumpy/core/src/umath -Inumpy/core/include -I/usr/include/python2.6 -c'

    gcc: _configtest.c

    _configtest.c:4: warning: function declaration isn’t a prototype

    _configtest.c: In function ‘main’:

    _configtest.c:5: error: size of array ‘test_array’ is negative

    _configtest.c:4: warning: function declaration isn’t a prototype

    _configtest.c: In function ‘main’:

    _configtest.c:5: error: size of array ‘test_array’ is negative

    C compiler: gcc -pthread -fno-strict-aliasing -DNDEBUG -g -fwrapv -O2 -Wall -Wstrict-prototypes -fPIC

    

    compile options: '-Inumpy/core/src/private -Inumpy/core/src -Inumpy/core -Inumpy/core/src/npymath -Inumpy/core/src/multiarray -Inumpy/core/src/umath -Inumpy/core/include -I/usr/include/python2.6 -c'

    gcc: _configtest.c

    _configtest.c:4: warning: function declaration isn’t a prototype

    _configtest.c: In function ‘main’:

    _configtest.c:5: error: size of array ‘test_array’ is negative

    _configtest.c:4: warning: function declaration isn’t a prototype

    _configtest.c: In function ‘main’:

    _configtest.c:5: error: size of array ‘test_array’ is negative

    C compiler: gcc -pthread -fno-strict-aliasing -DNDEBUG -g -fwrapv -O2 -Wall -Wstrict-prototypes -fPIC

    

    compile options: '-Inumpy/core/src/private -Inumpy/core/src -Inumpy/core -Inumpy/core/src/npymath -Inumpy/core/src/multiarray -Inumpy/core/src/umath -Inumpy/core/include -I/usr/include/python2.6 -c'

    gcc: _configtest.c

    _configtest.c:4: warning: function declaration isn’t a prototype

    removing: _configtest.c _configtest.o _configtest.c _configtest.o _configtest.c _configtest.o _configtest.c _configtest.o _configtest.c _configtest.o _configtest.c _configtest.o _configtest.c _configtest.o

    C compiler: gcc -pthread -fno-strict-aliasing -DNDEBUG -g -fwrapv -O2 -Wall -Wstrict-prototypes -fPIC

    

    compile options: '-Inumpy/core/src/private -Inumpy/core/src -Inumpy/core -Inumpy/core/src/npymath -Inumpy/core/src/multiarray -Inumpy/core/src/umath -Inumpy/core/include -I/usr/include/python2.6 -c'

    gcc: _configtest.c

    _configtest.c:4: warning: function declaration isn’t a prototype

    removing: _configtest.c _configtest.o

    C compiler: gcc -pthread -fno-strict-aliasing -DNDEBUG -g -fwrapv -O2 -Wall -Wstrict-prototypes -fPIC

    

    compile options: '-Inumpy/core/src/private -Inumpy/core/src -Inumpy/core -Inumpy/core/src/npymath -Inumpy/core/src/multiarray -Inumpy/core/src/umath -Inumpy/core/include -I/usr/include/python2.6 -c'

    gcc: _configtest.c

    _configtest.c:4: warning: function declaration isn’t a prototype

    removing: _configtest.c _configtest.o

    C compiler: gcc -pthread -fno-strict-aliasing -DNDEBUG -g -fwrapv -O2 -Wall -Wstrict-prototypes -fPIC

    

    compile options: '-Inumpy/core/src/private -Inumpy/core/src -Inumpy/core -Inumpy/core/src/npymath -Inumpy/core/src/multiarray -Inumpy/core/src/umath -Inumpy/core/include -I/usr/include/python2.6 -c'

    gcc: _configtest.c

    _configtest.c:4: warning: function declaration isn’t a prototype

    removing: _configtest.c _configtest.o

    C compiler: gcc -pthread -fno-strict-aliasing -DNDEBUG -g -fwrapv -O2 -Wall -Wstrict-prototypes -fPIC

    

    compile options: '-Inumpy/core/src/private -Inumpy/core/src -Inumpy/core -Inumpy/core/src/npymath -Inumpy/core/src/multiarray -Inumpy/core/src/umath -Inumpy/core/include -I/usr/include/python2.6 -c'

    gcc: _configtest.c

    _configtest.c:5: warning: function declaration isn’t a prototype

    success!

    removing: _configtest.c _configtest.o

    C compiler: gcc -pthread -fno-strict-aliasing -DNDEBUG -g -fwrapv -O2 -Wall -Wstrict-prototypes -fPIC

    

    compile options: '-Inumpy/core/src/private -Inumpy/core/src -Inumpy/core -Inumpy/core/src/npymath -Inumpy/core/src/multiarray -Inumpy/core/src/umath -Inumpy/core/include -I/usr/include/python2.6 -c'

    gcc: _configtest.c

    _configtest.c:4: warning: function declaration isn’t a prototype

    removing: _configtest.c _configtest.o

    C compiler: gcc -pthread -fno-strict-aliasing -DNDEBUG -g -fwrapv -O2 -Wall -Wstrict-prototypes -fPIC

    

    compile options: '-Inumpy/core/src/private -Inumpy/core/src -Inumpy/core -Inumpy/core/src/npymath -Inumpy/core/src/multiarray -Inumpy/core/src/umath -Inumpy/core/include -I/usr/include/python2.6 -c'

    gcc: _configtest.c

    _configtest.c:4: warning: function declaration isn’t a prototype

    removing: _configtest.c _configtest.o

    C compiler: gcc -pthread -fno-strict-aliasing -DNDEBUG -g -fwrapv -O2 -Wall -Wstrict-prototypes -fPIC

    

    compile options: '-Inumpy/core/src/private -Inumpy/core/src -Inumpy/core -Inumpy/core/src/npymath -Inumpy/core/src/multiarray -Inumpy/core/src/umath -Inumpy/core/include -I/usr/include/python2.6 -c'

    gcc: _configtest.c

    _configtest.c:4: warning: function declaration isn’t a prototype

    removing: _configtest.c _configtest.o

    C compiler: gcc -pthread -fno-strict-aliasing -DNDEBUG -g -fwrapv -O2 -Wall -Wstrict-prototypes -fPIC

    

    compile options: '-Inumpy/core/src/private -Inumpy/core/src -Inumpy/core -Inumpy/core/src/npymath -Inumpy/core/src/multiarray -Inumpy/core/src/umath -Inumpy/core/include -I/usr/include/python2.6 -c'

    gcc: _configtest.c

    _configtest.c:4: warning: function declaration isn’t a prototype

    _configtest.c: In function ‘main’:

    _configtest.c:5: error: size of array ‘test_array’ is negative

    _configtest.c:4: warning: function declaration isn’t a prototype

    _configtest.c: In function ‘main’:

    _configtest.c:5: error: size of array ‘test_array’ is negative

    C compiler: gcc -pthread -fno-strict-aliasing -DNDEBUG -g -fwrapv -O2 -Wall -Wstrict-prototypes -fPIC

    

    compile options: '-Inumpy/core/src/private -Inumpy/core/src -Inumpy/core -Inumpy/core/src/npymath -Inumpy/core/src/multiarray -Inumpy/core/src/umath -Inumpy/core/include -I/usr/include/python2.6 -c'

    gcc: _configtest.c

    _configtest.c:4: warning: function declaration isn’t a prototype

    _configtest.c: In function ‘main’:

    _configtest.c:5: error: size of array ‘test_array’ is negative

    _configtest.c:4: warning: function declaration isn’t a prototype

    _configtest.c: In function ‘main’:

    _configtest.c:5: error: size of array ‘test_array’ is negative

    C compiler: gcc -pthread -fno-strict-aliasing -DNDEBUG -g -fwrapv -O2 -Wall -Wstrict-prototypes -fPIC

    

    compile options: '-Inumpy/core/src/private -Inumpy/core/src -Inumpy/core -Inumpy/core/src/npymath -Inumpy/core/src/multiarray -Inumpy/core/src/umath -Inumpy/core/include -I/usr/include/python2.6 -c'

    gcc: _configtest.c

    _configtest.c:4: warning: function declaration isn’t a prototype

    _configtest.c: In function ‘main’:

    _configtest.c:5: error: size of array ‘test_array’ is negative

    _configtest.c:4: warning: function declaration isn’t a prototype

    _configtest.c: In function ‘main’:

    _configtest.c:5: error: size of array ‘test_array’ is negative

    C compiler: gcc -pthread -fno-strict-aliasing -DNDEBUG -g -fwrapv -O2 -Wall -Wstrict-prototypes -fPIC

    

    compile options: '-Inumpy/core/src/private -Inumpy/core/src -Inumpy/core -Inumpy/core/src/npymath -Inumpy/core/src/multiarray -Inumpy/core/src/umath -Inumpy/core/include -I/usr/include/python2.6 -c'

    gcc: _configtest.c

    _configtest.c:4: warning: function declaration isn’t a prototype

    _configtest.c: In function ‘main’:

    _configtest.c:5: error: size of array ‘test_array’ is negative

    _configtest.c:4: warning: function declaration isn’t a prototype

    _configtest.c: In function ‘main’:

    _configtest.c:5: error: size of array ‘test_array’ is negative

    C compiler: gcc -pthread -fno-strict-aliasing -DNDEBUG -g -fwrapv -O2 -Wall -Wstrict-prototypes -fPIC

    

    compile options: '-Inumpy/core/src/private -Inumpy/core/src -Inumpy/core -Inumpy/core/src/npymath -Inumpy/core/src/multiarray -Inumpy/core/src/umath -Inumpy/core/include -I/usr/include/python2.6 -c'

    gcc: _configtest.c

    _configtest.c:4: warning: function declaration isn’t a prototype

    _configtest.c: In function ‘main’:

    _configtest.c:5: error: size of array ‘test_array’ is negative

    _configtest.c:4: warning: function declaration isn’t a prototype

    _configtest.c: In function ‘main’:

    _configtest.c:5: error: size of array ‘test_array’ is negative

    C compiler: gcc -pthread -fno-strict-aliasing -DNDEBUG -g -fwrapv -O2 -Wall -Wstrict-prototypes -fPIC

    

    compile options: '-Inumpy/core/src/private -Inumpy/core/src -Inumpy/core -Inumpy/core/src/npymath -Inumpy/core/src/multiarray -Inumpy/core/src/umath -Inumpy/core/include -I/usr/include/python2.6 -c'

    gcc: _configtest.c

    _configtest.c:4: warning: function declaration isn’t a prototype

    _configtest.c: In function ‘main’:

    _configtest.c:5: error: size of array ‘test_array’ is negative

    _configtest.c:4: warning: function declaration isn’t a prototype

    _configtest.c: In function ‘main’:

    _configtest.c:5: error: size of array ‘test_array’ is negative

    C compiler: gcc -pthread -fno-strict-aliasing -DNDEBUG -g -fwrapv -O2 -Wall -Wstrict-prototypes -fPIC

    

    compile options: '-Inumpy/core/src/private -Inumpy/core/src -Inumpy/core -Inumpy/core/src/npymath -Inumpy/core/src/multiarray -Inumpy/core/src/umath -Inumpy/core/include -I/usr/include/python2.6 -c'

    gcc: _configtest.c

    _configtest.c:4: warning: function declaration isn’t a prototype

    _configtest.c: In function ‘main’:

    _configtest.c:5: error: size of array ‘test_array’ is negative

    _configtest.c:4: warning: function declaration isn’t a prototype

    _configtest.c: In function ‘main’:

    _configtest.c:5: error: size of array ‘test_array’ is negative

    C compiler: gcc -pthread -fno-strict-aliasing -DNDEBUG -g -fwrapv -O2 -Wall -Wstrict-prototypes -fPIC

    

    compile options: '-Inumpy/core/src/private -Inumpy/core/src -Inumpy/core -Inumpy/core/src/npymath -Inumpy/core/src/multiarray -Inumpy/core/src/umath -Inumpy/core/include -I/usr/include/python2.6 -c'

    gcc: _configtest.c

    _configtest.c:4: warning: function declaration isn’t a prototype

    removing: _configtest.c _configtest.o _configtest.c _configtest.o _configtest.c _configtest.o _configtest.c _configtest.o _configtest.c _configtest.o _configtest.c _configtest.o _configtest.c _configtest.o _configtest.c _configtest.o

    C compiler: gcc -pthread -fno-strict-aliasing -DNDEBUG -g -fwrapv -O2 -Wall -Wstrict-prototypes -fPIC

    

    compile options: '-Inumpy/core/src/private -Inumpy/core/src -Inumpy/core -Inumpy/core/src/npymath -Inumpy/core/src/multiarray -Inumpy/core/src/umath -Inumpy/core/include -I/usr/include/python2.6 -c'

    gcc: _configtest.c

    _configtest.c:4: warning: function declaration isn’t a prototype

    removing: _configtest.c _configtest.o

    C compiler: gcc -pthread -fno-strict-aliasing -DNDEBUG -g -fwrapv -O2 -Wall -Wstrict-prototypes -fPIC

    

    compile options: '-Inumpy/core/src/private -Inumpy/core/src -Inumpy/core -Inumpy/core/src/npymath -Inumpy/core/src/multiarray -Inumpy/core/src/umath -Inumpy/core/include -I/usr/include/python2.6 -c'

    gcc: _configtest.c

    _configtest.c:4: warning: function declaration isn’t a prototype

    removing: _configtest.c _configtest.o

    C compiler: gcc -pthread -fno-strict-aliasing -DNDEBUG -g -fwrapv -O2 -Wall -Wstrict-prototypes -fPIC

    

    compile options: '-Inumpy/core/src/private -Inumpy/core/src -Inumpy/core -Inumpy/core/src/npymath -Inumpy/core/src/multiarray -Inumpy/core/src/umath -Inumpy/core/include -I/usr/include/python2.6 -c'

    gcc: _configtest.c

    _configtest.c:4: warning: function declaration isn’t a prototype

    removing: _configtest.c _configtest.o

    C compiler: gcc -pthread -fno-strict-aliasing -DNDEBUG -g -fwrapv -O2 -Wall -Wstrict-prototypes -fPIC

    

    compile options: '-Inumpy/core/src/private -Inumpy/core/src -Inumpy/core -Inumpy/core/src/npymath -Inumpy/core/src/multiarray -Inumpy/core/src/umath -Inumpy/core/include -I/usr/include/python2.6 -c'

    gcc: _configtest.c

    _configtest.c:4: warning: function declaration isn’t a prototype

    removing: _configtest.c _configtest.o

    C compiler: gcc -pthread -fno-strict-aliasing -DNDEBUG -g -fwrapv -O2 -Wall -Wstrict-prototypes -fPIC

    

    compile options: '-Inumpy/core/src/private -Inumpy/core/src -Inumpy/core -Inumpy/core/src/npymath -Inumpy/core/src/multiarray -Inumpy/core/src/umath -Inumpy/core/include -I/usr/include/python2.6 -c'

    gcc: _configtest.c

    _configtest.c:5: warning: function declaration isn’t a prototype

    _configtest.c: In function ‘main’:

    _configtest.c:7: error: ‘SIZEOF_LONGDOUBLE’ undeclared (first use in this function)

    _configtest.c:7: error: (Each undeclared identifier is reported only once

    _configtest.c:7: error: for each function it appears in.)

    _configtest.c:5: warning: function declaration isn’t a prototype

    _configtest.c: In function ‘main’:

    _configtest.c:7: error: ‘SIZEOF_LONGDOUBLE’ undeclared (first use in this function)

    _configtest.c:7: error: (Each undeclared identifier is reported only once

    _configtest.c:7: error: for each function it appears in.)

    failure.

    removing: _configtest.c _configtest.o

    C compiler: gcc -pthread -fno-strict-aliasing -DNDEBUG -g -fwrapv -O2 -Wall -Wstrict-prototypes -fPIC

    

    compile options: '-Inumpy/core/src/private -Inumpy/core/src -Inumpy/core -Inumpy/core/src/npymath -Inumpy/core/src/multiarray -Inumpy/core/src/umath -Inumpy/core/include -I/usr/include/python2.6 -c'

    gcc: _configtest.c

    _configtest.c:4: warning: function declaration isn’t a prototype

    removing: _configtest.c _configtest.o

    C compiler: gcc -pthread -fno-strict-aliasing -DNDEBUG -g -fwrapv -O2 -Wall -Wstrict-prototypes -fPIC

    

    compile options: '-Inumpy/core/src/private -Inumpy/core/src -Inumpy/core -Inumpy/core/src/npymath -Inumpy/core/src/multiarray -Inumpy/core/src/umath -Inumpy/core/include -I/usr/include/python2.6 -c'

    gcc: _configtest.c

    _configtest.c:4: warning: function declaration isn’t a prototype

    _configtest.c: In function ‘main’:

    _configtest.c:5: error: size of array ‘test_array’ is negative

    _configtest.c:4: warning: function declaration isn’t a prototype

    _configtest.c: In function ‘main’:

    _configtest.c:5: error: size of array ‘test_array’ is negative

    C compiler: gcc -pthread -fno-strict-aliasing -DNDEBUG -g -fwrapv -O2 -Wall -Wstrict-prototypes -fPIC

    

    compile options: '-Inumpy/core/src/private -Inumpy/core/src -Inumpy/core -Inumpy/core/src/npymath -Inumpy/core/src/multiarray -Inumpy/core/src/umath -Inumpy/core/include -I/usr/include/python2.6 -c'

    gcc: _configtest.c

    _configtest.c:4: warning: function declaration isn’t a prototype

    _configtest.c: In function ‘main’:

    _configtest.c:5: error: size of array ‘test_array’ is negative

    _configtest.c:4: warning: function declaration isn’t a prototype

    _configtest.c: In function ‘main’:

    _configtest.c:5: error: size of array ‘test_array’ is negative

    C compiler: gcc -pthread -fno-strict-aliasing -DNDEBUG -g -fwrapv -O2 -Wall -Wstrict-prototypes -fPIC

    

    compile options: '-Inumpy/core/src/private -Inumpy/core/src -Inumpy/core -Inumpy/core/src/npymath -Inumpy/core/src/multiarray -Inumpy/core/src/umath -Inumpy/core/include -I/usr/include/python2.6 -c'

    gcc: _configtest.c

    _configtest.c:4: warning: function declaration isn’t a prototype

    removing: _configtest.c _configtest.o _configtest.c _configtest.o _configtest.c _configtest.o

    C compiler: gcc -pthread -fno-strict-aliasing -DNDEBUG -g -fwrapv -O2 -Wall -Wstrict-prototypes -fPIC

    

    compile options: '-Inumpy/core/src/private -Inumpy/core/src -Inumpy/core -Inumpy/core/src/npymath -Inumpy/core/src/multiarray -Inumpy/core/src/umath -Inumpy/core/include -I/usr/include/python2.6 -c'

    gcc: _configtest.c

    _configtest.c:4: warning: function declaration isn’t a prototype

    removing: _configtest.c _configtest.o

    C compiler: gcc -pthread -fno-strict-aliasing -DNDEBUG -g -fwrapv -O2 -Wall -Wstrict-prototypes -fPIC

    

    compile options: '-Inumpy/core/src/private -Inumpy/core/src -Inumpy/core -Inumpy/core/src/npymath -Inumpy/core/src/multiarray -Inumpy/core/src/umath -Inumpy/core/include -I/usr/include/python2.6 -c'

    gcc: _configtest.c

    _configtest.c:4: warning: function declaration isn’t a prototype

    _configtest.c: In function ‘main’:

    _configtest.c:5: error: size of array ‘test_array’ is negative

    _configtest.c:4: warning: function declaration isn’t a prototype

    _configtest.c: In function ‘main’:

    _configtest.c:5: error: size of array ‘test_array’ is negative

    C compiler: gcc -pthread -fno-strict-aliasing -DNDEBUG -g -fwrapv -O2 -Wall -Wstrict-prototypes -fPIC

    

    compile options: '-Inumpy/core/src/private -Inumpy/core/src -Inumpy/core -Inumpy/core/src/npymath -Inumpy/core/src/multiarray -Inumpy/core/src/umath -Inumpy/core/include -I/usr/include/python2.6 -c'

    gcc: _configtest.c

    _configtest.c:4: warning: function declaration isn’t a prototype

    _configtest.c: In function ‘main’:

    _configtest.c:5: error: size of array ‘test_array’ is negative

    _configtest.c:4: warning: function declaration isn’t a prototype

    _configtest.c: In function ‘main’:

    _configtest.c:5: error: size of array ‘test_array’ is negative

    C compiler: gcc -pthread -fno-strict-aliasing -DNDEBUG -g -fwrapv -O2 -Wall -Wstrict-prototypes -fPIC

    

    compile options: '-Inumpy/core/src/private -Inumpy/core/src -Inumpy/core -Inumpy/core/src/npymath -Inumpy/core/src/multiarray -Inumpy/core/src/umath -Inumpy/core/include -I/usr/include/python2.6 -c'

    gcc: _configtest.c

    _configtest.c:4: warning: function declaration isn’t a prototype

    _configtest.c: In function ‘main’:

    _configtest.c:5: error: size of array ‘test_array’ is negative

    _configtest.c:4: warning: function declaration isn’t a prototype

    _configtest.c: In function ‘main’:

    _configtest.c:5: error: size of array ‘test_array’ is negative

    C compiler: gcc -pthread -fno-strict-aliasing -DNDEBUG -g -fwrapv -O2 -Wall -Wstrict-prototypes -fPIC

    

    compile options: '-Inumpy/core/src/private -Inumpy/core/src -Inumpy/core -Inumpy/core/src/npymath -Inumpy/core/src/multiarray -Inumpy/core/src/umath -Inumpy/core/include -I/usr/include/python2.6 -c'

    gcc: _configtest.c

    _configtest.c:4: warning: function declaration isn’t a prototype

    _configtest.c: In function ‘main’:

    _configtest.c:5: error: size of array ‘test_array’ is negative

    _configtest.c:4: warning: function declaration isn’t a prototype

    _configtest.c: In function ‘main’:

    _configtest.c:5: error: size of array ‘test_array’ is negative

    C compiler: gcc -pthread -fno-strict-aliasing -DNDEBUG -g -fwrapv -O2 -Wall -Wstrict-prototypes -fPIC

    

    compile options: '-Inumpy/core/src/private -Inumpy/core/src -Inumpy/core -Inumpy/core/src/npymath -Inumpy/core/src/multiarray -Inumpy/core/src/umath -Inumpy/core/include -I/usr/include/python2.6 -c'

    gcc: _configtest.c

    _configtest.c:4: warning: function declaration isn’t a prototype

    _configtest.c: In function ‘main’:

    _configtest.c:5: error: size of array ‘test_array’ is negative

    _configtest.c:4: warning: function declaration isn’t a prototype

    _configtest.c: In function ‘main’:

    _configtest.c:5: error: size of array ‘test_array’ is negative

    C compiler: gcc -pthread -fno-strict-aliasing -DNDEBUG -g -fwrapv -O2 -Wall -Wstrict-prototypes -fPIC

    

    compile options: '-Inumpy/core/src/private -Inumpy/core/src -Inumpy/core -Inumpy/core/src/npymath -Inumpy/core/src/multiarray -Inumpy/core/src/umath -Inumpy/core/include -I/usr/include/python2.6 -c'

    gcc: _configtest.c

    _configtest.c:4: warning: function declaration isn’t a prototype

    _configtest.c: In function ‘main’:

    _configtest.c:5: error: size of array ‘test_array’ is negative

    _configtest.c:4: warning: function declaration isn’t a prototype

    _configtest.c: In function ‘main’:

    _configtest.c:5: error: size of array ‘test_array’ is negative

    C compiler: gcc -pthread -fno-strict-aliasing -DNDEBUG -g -fwrapv -O2 -Wall -Wstrict-prototypes -fPIC

    

    compile options: '-Inumpy/core/src/private -Inumpy/core/src -Inumpy/core -Inumpy/core/src/npymath -Inumpy/core/src/multiarray -Inumpy/core/src/umath -Inumpy/core/include -I/usr/include/python2.6 -c'

    gcc: _configtest.c

    _configtest.c:4: warning: function declaration isn’t a prototype

    _configtest.c: In function ‘main’:

    _configtest.c:5: error: size of array ‘test_array’ is negative

    _configtest.c:4: warning: function declaration isn’t a prototype

    _configtest.c: In function ‘main’:

    _configtest.c:5: error: size of array ‘test_array’ is negative

    C compiler: gcc -pthread -fno-strict-aliasing -DNDEBUG -g -fwrapv -O2 -Wall -Wstrict-prototypes -fPIC

    

    compile options: '-Inumpy/core/src/private -Inumpy/core/src -Inumpy/core -Inumpy/core/src/npymath -Inumpy/core/src/multiarray -Inumpy/core/src/umath -Inumpy/core/include -I/usr/include/python2.6 -c'

    gcc: _configtest.c

    _configtest.c:4: warning: function declaration isn’t a prototype

    _configtest.c: In function ‘main’:

    _configtest.c:5: error: size of array ‘test_array’ is negative

    _configtest.c:4: warning: function declaration isn’t a prototype

    _configtest.c: In function ‘main’:

    _configtest.c:5: error: size of array ‘test_array’ is negative

    C compiler: gcc -pthread -fno-strict-aliasing -DNDEBUG -g -fwrapv -O2 -Wall -Wstrict-prototypes -fPIC

    

    compile options: '-Inumpy/core/src/private -Inumpy/core/src -Inumpy/core -Inumpy/core/src/npymath -Inumpy/core/src/multiarray -Inumpy/core/src/umath -Inumpy/core/include -I/usr/include/python2.6 -c'

    gcc: _configtest.c

    _configtest.c:4: warning: function declaration isn’t a prototype

    _configtest.c: In function ‘main’:

    _configtest.c:5: error: size of array ‘test_array’ is negative

    _configtest.c:4: warning: function declaration isn’t a prototype

    _configtest.c: In function ‘main’:

    _configtest.c:5: error: size of array ‘test_array’ is negative

    C compiler: gcc -pthread -fno-strict-aliasing -DNDEBUG -g -fwrapv -O2 -Wall -Wstrict-prototypes -fPIC

    

    compile options: '-Inumpy/core/src/private -Inumpy/core/src -Inumpy/core -Inumpy/core/src/npymath -Inumpy/core/src/multiarray -Inumpy/core/src/umath -Inumpy/core/include -I/usr/include/python2.6 -c'

    gcc: _configtest.c

    _configtest.c:4: warning: function declaration isn’t a prototype

    _configtest.c: In function ‘main’:

    _configtest.c:5: error: size of array ‘test_array’ is negative

    _configtest.c:4: warning: function declaration isn’t a prototype

    _configtest.c: In function ‘main’:

    _configtest.c:5: error: size of array ‘test_array’ is negative

    C compiler: gcc -pthread -fno-strict-aliasing -DNDEBUG -g -fwrapv -O2 -Wall -Wstrict-prototypes -fPIC

    

    compile options: '-Inumpy/core/src/private -Inumpy/core/src -Inumpy/core -Inumpy/core/src/npymath -Inumpy/core/src/multiarray -Inumpy/core/src/umath -Inumpy/core/include -I/usr/include/python2.6 -c'

    gcc: _configtest.c

    _configtest.c:4: warning: function declaration isn’t a prototype

    _configtest.c: In function ‘main’:

    _configtest.c:5: error: size of array ‘test_array’ is negative

    _configtest.c:4: warning: function declaration isn’t a prototype

    _configtest.c: In function ‘main’:

    _configtest.c:5: error: size of array ‘test_array’ is negative

    C compiler: gcc -pthread -fno-strict-aliasing -DNDEBUG -g -fwrapv -O2 -Wall -Wstrict-prototypes -fPIC

    

    compile options: '-Inumpy/core/src/private -Inumpy/core/src -Inumpy/core -Inumpy/core/src/npymath -Inumpy/core/src/multiarray -Inumpy/core/src/umath -Inumpy/core/include -I/usr/include/python2.6 -c'

    gcc: _configtest.c

    _configtest.c:4: warning: function declaration isn’t a prototype

    _configtest.c: In function ‘main’:

    _configtest.c:5: error: size of array ‘test_array’ is negative

    _configtest.c:4: warning: function declaration isn’t a prototype

    _configtest.c: In function ‘main’:

    _configtest.c:5: error: size of array ‘test_array’ is negative

    C compiler: gcc -pthread -fno-strict-aliasing -DNDEBUG -g -fwrapv -O2 -Wall -Wstrict-prototypes -fPIC

    

    compile options: '-Inumpy/core/src/private -Inumpy/core/src -Inumpy/core -Inumpy/core/src/npymath -Inumpy/core/src/multiarray -Inumpy/core/src/umath -Inumpy/core/include -I/usr/include/python2.6 -c'

    gcc: _configtest.c

    _configtest.c:4: warning: function declaration isn’t a prototype

    removing: _configtest.c _configtest.o _configtest.c _configtest.o _configtest.c _configtest.o _configtest.c _configtest.o _configtest.c _configtest.o _configtest.c _configtest.o _configtest.c _configtest.o _configtest.c _configtest.o _configtest.c _configtest.o _configtest.c _configtest.o _configtest.c _configtest.o _configtest.c _configtest.o _configtest.c _configtest.o

    C compiler: gcc -pthread -fno-strict-aliasing -DNDEBUG -g -fwrapv -O2 -Wall -Wstrict-prototypes -fPIC

    

    compile options: '-Inumpy/core/src/private -Inumpy/core/src -Inumpy/core -Inumpy/core/src/npymath -Inumpy/core/src/multiarray -Inumpy/core/src/umath -Inumpy/core/include -I/usr/include/python2.6 -c'

    gcc: _configtest.c

    _configtest.c:4: warning: function declaration isn’t a prototype

    removing: _configtest.c _configtest.o

    C compiler: gcc -pthread -fno-strict-aliasing -DNDEBUG -g -fwrapv -O2 -Wall -Wstrict-prototypes -fPIC

    

    compile options: '-Inumpy/core/src/private -Inumpy/core/src -Inumpy/core -Inumpy/core/src/npymath -Inumpy/core/src/multiarray -Inumpy/core/src/umath -Inumpy/core/include -I/usr/include/python2.6 -c'

    gcc: _configtest.c

    _configtest.c:4: warning: function declaration isn’t a prototype

    removing: _configtest.c _configtest.o

    C compiler: gcc -pthread -fno-strict-aliasing -DNDEBUG -g -fwrapv -O2 -Wall -Wstrict-prototypes -fPIC

    

    compile options: '-Inumpy/core/src/private -Inumpy/core/src -Inumpy/core -Inumpy/core/src/npymath -Inumpy/core/src/multiarray -Inumpy/core/src/umath -Inumpy/core/include -I/usr/include/python2.6 -c'

    gcc: _configtest.c

    _configtest.c:4: warning: function declaration isn’t a prototype

    removing: _configtest.c _configtest.o

    C compiler: gcc -pthread -fno-strict-aliasing -DNDEBUG -g -fwrapv -O2 -Wall -Wstrict-prototypes -fPIC

    

    compile options: '-Inumpy/core/src/private -Inumpy/core/src -Inumpy/core -Inumpy/core/src/npymath -Inumpy/core/src/multiarray -Inumpy/core/src/umath -Inumpy/core/include -I/usr/include/python2.6 -c'

    gcc: _configtest.c

    _configtest.c:4: warning: function declaration isn’t a prototype

    removing: _configtest.c _configtest.o

    C compiler: gcc -pthread -fno-strict-aliasing -DNDEBUG -g -fwrapv -O2 -Wall -Wstrict-prototypes -fPIC

    

    compile options: '-Inumpy/core/src/private -Inumpy/core/src -Inumpy/core -Inumpy/core/src/npymath -Inumpy/core/src/multiarray -Inumpy/core/src/umath -Inumpy/core/include -I/usr/include/python2.6 -c'

    gcc: _configtest.c

    _configtest.c:4: warning: function declaration isn’t a prototype

    removing: _configtest.c _configtest.o

    C compiler: gcc -pthread -fno-strict-aliasing -DNDEBUG -g -fwrapv -O2 -Wall -Wstrict-prototypes -fPIC

    

    compile options: '-Inumpy/core/src/private -Inumpy/core/src -Inumpy/core -Inumpy/core/src/npymath -Inumpy/core/src/multiarray -Inumpy/core/src/umath -Inumpy/core/include -I/usr/include/python2.6 -c'

    gcc: _configtest.c

    _configtest.c:6: warning: function declaration isn’t a prototype

    removing: _configtest.c _configtest.o

    C compiler: gcc -pthread -fno-strict-aliasing -DNDEBUG -g -fwrapv -O2 -Wall -Wstrict-prototypes -fPIC

    

    compile options: '-Inumpy/core/src/private -Inumpy/core/src -Inumpy/core -Inumpy/core/src/npymath -Inumpy/core/src/multiarray -Inumpy/core/src/umath -Inumpy/core/include -I/usr/include/python2.6 -c'

    gcc: _configtest.c

    _configtest.c:6: warning: function declaration isn’t a prototype

    _configtest.c: In function ‘main’:

    _configtest.c:7: error: size of array ‘test_array’ is negative

    _configtest.c:6: warning: function declaration isn’t a prototype

    _configtest.c: In function ‘main’:

    _configtest.c:7: error: size of array ‘test_array’ is negative

    C compiler: gcc -pthread -fno-strict-aliasing -DNDEBUG -g -fwrapv -O2 -Wall -Wstrict-prototypes -fPIC

    

    compile options: '-Inumpy/core/src/private -Inumpy/core/src -Inumpy/core -Inumpy/core/src/npymath -Inumpy/core/src/multiarray -Inumpy/core/src/umath -Inumpy/core/include -I/usr/include/python2.6 -c'

    gcc: _configtest.c

    _configtest.c:6: warning: function declaration isn’t a prototype

    removing: _configtest.c _configtest.o _configtest.c _configtest.o

    C compiler: gcc -pthread -fno-strict-aliasing -DNDEBUG -g -fwrapv -O2 -Wall -Wstrict-prototypes -fPIC

    

    compile options: '-Inumpy/core/src/private -Inumpy/core/src -Inumpy/core -Inumpy/core/src/npymath -Inumpy/core/src/multiarray -Inumpy/core/src/umath -Inumpy/core/include -I/usr/include/python2.6 -c'

    gcc: _configtest.c

    _configtest.c:5: warning: function declaration isn’t a prototype

    success!

    removing: _configtest.c _configtest.o

    C compiler: gcc -pthread -fno-strict-aliasing -DNDEBUG -g -fwrapv -O2 -Wall -Wstrict-prototypes -fPIC

    

    compile options: '-Inumpy/core/src/private -Inumpy/core/src -Inumpy/core -Inumpy/core/src/npymath -Inumpy/core/src/multiarray -Inumpy/core/src/umath -Inumpy/core/include -I/usr/include/python2.6 -c'

    gcc: _configtest.c

    _configtest.c:6: warning: function declaration isn’t a prototype

    removing: _configtest.c _configtest.o

    C compiler: gcc -pthread -fno-strict-aliasing -DNDEBUG -g -fwrapv -O2 -Wall -Wstrict-prototypes -fPIC

    

    compile options: '-Inumpy/core/src/private -Inumpy/core/src -Inumpy/core -Inumpy/core/src/npymath -Inumpy/core/src/multiarray -Inumpy/core/src/umath -Inumpy/core/include -I/usr/include/python2.6 -c'

    gcc: _configtest.c

    _configtest.c:6: warning: function declaration isn’t a prototype

    removing: _configtest.c _configtest.o

    C compiler: gcc -pthread -fno-strict-aliasing -DNDEBUG -g -fwrapv -O2 -Wall -Wstrict-prototypes -fPIC

    

    compile options: '-Inumpy/core/src/private -Inumpy/core/src -Inumpy/core -Inumpy/core/src/npymath -Inumpy/core/src/multiarray -Inumpy/core/src/umath -Inumpy/core/include -I/usr/include/python2.6 -c'

    gcc: _configtest.c

    _configtest.c:4: warning: function declaration isn’t a prototype

    removing: _configtest.c _configtest.o

    C compiler: gcc -pthread -fno-strict-aliasing -DNDEBUG -g -fwrapv -O2 -Wall -Wstrict-prototypes -fPIC

    

    compile options: '-Inumpy/core/src/private -Inumpy/core/src -Inumpy/core -Inumpy/core/src/npymath -Inumpy/core/src/multiarray -Inumpy/core/src/umath -Inumpy/core/include -I/usr/include/python2.6 -c'

    gcc: _configtest.c

    _configtest.c:4: warning: function declaration isn’t a prototype

    removing: _configtest.c _configtest.o

    C compiler: gcc -pthread -fno-strict-aliasing -DNDEBUG -g -fwrapv -O2 -Wall -Wstrict-prototypes -fPIC

    

    compile options: '-Inumpy/core/src/private -Inumpy/core/src -Inumpy/core -Inumpy/core/src/npymath -Inumpy/core/src/multiarray -Inumpy/core/src/umath -Inumpy/core/include -I/usr/include/python2.6 -c'

    gcc: _configtest.c

    _configtest.c:5: warning: function declaration isn’t a prototype

    success!

    removing: _configtest.c _configtest.o

    C compiler: gcc -pthread -fno-strict-aliasing -DNDEBUG -g -fwrapv -O2 -Wall -Wstrict-prototypes -fPIC

    

    compile options: '-Inumpy/core/src/private -Inumpy/core/src -Inumpy/core -Inumpy/core/src/npymath -Inumpy/core/src/multiarray -Inumpy/core/src/umath -Inumpy/core/include -I/usr/include/python2.6 -c'

    gcc: _configtest.c

    _configtest.c:1: warning: conflicting types for built-in function ‘exp’

    gcc -pthread _configtest.o -o _configtest

    _configtest.o: In function `main':

    /home/stu/testingpip/build/numpy/_configtest.c:6: undefined reference to `exp'

    collect2: ld returned 1 exit status

    _configtest.o: In function `main':

    /home/stu/testingpip/build/numpy/_configtest.c:6: undefined reference to `exp'

    collect2: ld returned 1 exit status

    failure.

    removing: _configtest.c _configtest.o

    C compiler: gcc -pthread -fno-strict-aliasing -DNDEBUG -g -fwrapv -O2 -Wall -Wstrict-prototypes -fPIC

    

    compile options: '-Inumpy/core/src/private -Inumpy/core/src -Inumpy/core -Inumpy/core/src/npymath -Inumpy/core/src/multiarray -Inumpy/core/src/umath -Inumpy/core/include -I/usr/include/python2.6 -c'

    gcc: _configtest.c

    _configtest.c:1: warning: conflicting types for built-in function ‘exp’

    gcc -pthread _configtest.o -lm -o _configtest

    success!

    removing: _configtest.c _configtest.o _configtest

    C compiler: gcc -pthread -fno-strict-aliasing -DNDEBUG -g -fwrapv -O2 -Wall -Wstrict-prototypes -fPIC

    

    compile options: '-Inumpy/core/src/private -Inumpy/core/src -Inumpy/core -Inumpy/core/src/npymath -Inumpy/core/src/multiarray -Inumpy/core/src/umath -Inumpy/core/include -I/usr/include/python2.6 -c'

    gcc: _configtest.c

    _configtest.c:1: warning: conflicting types for built-in function ‘asin’

    _configtest.c:2: warning: conflicting types for built-in function ‘cos’

    _configtest.c:3: warning: conflicting types for built-in function ‘log’

    _configtest.c:4: warning: conflicting types for built-in function ‘fabs’

    _configtest.c:5: warning: conflicting types for built-in function ‘tanh’

    _configtest.c:6: warning: conflicting types for built-in function ‘atan’

    _configtest.c:7: warning: conflicting types for built-in function ‘acos’

    _configtest.c:8: warning: conflicting types for built-in function ‘floor’

    _configtest.c:9: warning: conflicting types for built-in function ‘fmod’

    _configtest.c:10: warning: conflicting types for built-in function ‘sqrt’

    _configtest.c:11: warning: conflicting types for built-in function ‘cosh’

    _configtest.c:12: warning: conflicting types for built-in function ‘modf’

    _configtest.c:13: warning: conflicting types for built-in function ‘sinh’

    _configtest.c:14: warning: conflicting types for built-in function ‘frexp’

    _configtest.c:15: warning: conflicting types for built-in function ‘exp’

    _configtest.c:16: warning: conflicting types for built-in function ‘tan’

    _configtest.c:17: warning: conflicting types for built-in function ‘ceil’

    _configtest.c:18: warning: conflicting types for built-in function ‘log10’

    _configtest.c:19: warning: conflicting types for built-in function ‘sin’

    _configtest.c:20: warning: conflicting types for built-in function ‘ldexp’

    gcc -pthread _configtest.o -lm -o _configtest

    success!

    removing: _configtest.c _configtest.o _configtest

    C compiler: gcc -pthread -fno-strict-aliasing -DNDEBUG -g -fwrapv -O2 -Wall -Wstrict-prototypes -fPIC

    

    compile options: '-Inumpy/core/src/private -Inumpy/core/src -Inumpy/core -Inumpy/core/src/npymath -Inumpy/core/src/multiarray -Inumpy/core/src/umath -Inumpy/core/include -I/usr/include/python2.6 -c'

    gcc: _configtest.c

    _configtest.c:6: warning: function declaration isn’t a prototype

    success!

    removing: _configtest.c _configtest.o

    C compiler: gcc -pthread -fno-strict-aliasing -DNDEBUG -g -fwrapv -O2 -Wall -Wstrict-prototypes -fPIC

    

    compile options: '-Inumpy/core/src/private -Inumpy/core/src -Inumpy/core -Inumpy/core/src/npymath -Inumpy/core/src/multiarray -Inumpy/core/src/umath -Inumpy/core/include -I/usr/include/python2.6 -c'

    gcc: _configtest.c

    _configtest.c:6: warning: function declaration isn’t a prototype

    success!

    removing: _configtest.c _configtest.o

    C compiler: gcc -pthread -fno-strict-aliasing -DNDEBUG -g -fwrapv -O2 -Wall -Wstrict-prototypes -fPIC

    

    compile options: '-Inumpy/core/src/private -Inumpy/core/src -Inumpy/core -Inumpy/core/src/npymath -Inumpy/core/src/multiarray -Inumpy/core/src/umath -Inumpy/core/include -I/usr/include/python2.6 -c'

    gcc: _configtest.c

    _configtest.c:6: warning: function declaration isn’t a prototype

    success!

    removing: _configtest.c _configtest.o

    C compiler: gcc -pthread -fno-strict-aliasing -DNDEBUG -g -fwrapv -O2 -Wall -Wstrict-prototypes -fPIC

    

    compile options: '-Inumpy/core/src/private -Inumpy/core/src -Inumpy/core -Inumpy/core/src/npymath -Inumpy/core/src/multiarray -Inumpy/core/src/umath -Inumpy/core/include -I/usr/include/python2.6 -c'

    gcc: _configtest.c

    _configtest.c:6: warning: function declaration isn’t a prototype

    success!

    removing: _configtest.c _configtest.o

    C compiler: gcc -pthread -fno-strict-aliasing -DNDEBUG -g -fwrapv -O2 -Wall -Wstrict-prototypes -fPIC

    

    compile options: '-Inumpy/core/src/private -Inumpy/core/src -Inumpy/core -Inumpy/core/src/npymath -Inumpy/core/src/multiarray -Inumpy/core/src/umath -Inumpy/core/include -I/usr/include/python2.6 -c'

    gcc: _configtest.c

    _configtest.c:6: warning: function declaration isn’t a prototype

    success!

    removing: _configtest.c _configtest.o

    C compiler: gcc -pthread -fno-strict-aliasing -DNDEBUG -g -fwrapv -O2 -Wall -Wstrict-prototypes -fPIC

    

    compile options: '-Inumpy/core/src/private -Inumpy/core/src -Inumpy/core -Inumpy/core/src/npymath -Inumpy/core/src/multiarray -Inumpy/core/src/umath -Inumpy/core/include -I/usr/include/python2.6 -c'

    gcc: _configtest.c

    _configtest.c:6: warning: function declaration isn’t a prototype

    success!

    removing: _configtest.c _configtest.o

    C compiler: gcc -pthread -fno-strict-aliasing -DNDEBUG -g -fwrapv -O2 -Wall -Wstrict-prototypes -fPIC

    

    compile options: '-Inumpy/core/src/private -Inumpy/core/src -Inumpy/core -Inumpy/core/src/npymath -Inumpy/core/src/multiarray -Inumpy/core/src/umath -Inumpy/core/include -I/usr/include/python2.6 -c'

    gcc: _configtest.c

    _configtest.c:6: warning: function declaration isn’t a prototype

    success!

    removing: _configtest.c _configtest.o

    C compiler: gcc -pthread -fno-strict-aliasing -DNDEBUG -g -fwrapv -O2 -Wall -Wstrict-prototypes -fPIC

    

    compile options: '-Inumpy/core/src/private -Inumpy/core/src -Inumpy/core -Inumpy/core/src/npymath -Inumpy/core/src/multiarray -Inumpy/core/src/umath -Inumpy/core/include -I/usr/include/python2.6 -c'

    gcc: _configtest.c

    _configtest.c:1: warning: conflicting types for built-in function ‘log2’

    _configtest.c:2: warning: conflicting types for built-in function ‘pow’

    _configtest.c:3: warning: conflicting types for built-in function ‘exp2’

    _configtest.c:4: warning: conflicting types for built-in function ‘atan2’

    _configtest.c:5: warning: conflicting types for built-in function ‘rint’

    _configtest.c:6: warning: conflicting types for built-in function ‘nextafter’

    _configtest.c:7: warning: conflicting types for built-in function ‘trunc’

    gcc -pthread _configtest.o -lm -o _configtest

    success!

    removing: _configtest.c _configtest.o _configtest

    C compiler: gcc -pthread -fno-strict-aliasing -DNDEBUG -g -fwrapv -O2 -Wall -Wstrict-prototypes -fPIC

    

    compile options: '-Inumpy/core/src/private -Inumpy/core/src -Inumpy/core -Inumpy/core/src/npymath -Inumpy/core/src/multiarray -Inumpy/core/src/umath -Inumpy/core/include -I/usr/include/python2.6 -c'

    gcc: _configtest.c

    _configtest.c:1: warning: conflicting types for built-in function ‘cosf’

    _configtest.c:2: warning: conflicting types for built-in function ‘coshf’

    _configtest.c:3: warning: conflicting types for built-in function ‘rintf’

    _configtest.c:4: warning: conflicting types for built-in function ‘fabsf’

    _configtest.c:5: warning: conflicting types for built-in function ‘floorf’

    _configtest.c:6: warning: conflicting types for built-in function ‘nextafterf’

    _configtest.c:7: warning: conflicting types for built-in function ‘tanhf’

    _configtest.c:8: warning: conflicting types for built-in function ‘log10f’

    _configtest.c:9: warning: conflicting types for built-in function ‘logf’

    _configtest.c:10: warning: conflicting types for built-in function ‘sinhf’

    _configtest.c:11: warning: conflicting types for built-in function ‘acosf’

    _configtest.c:12: warning: conflicting types for built-in function ‘sqrtf’

    _configtest.c:13: warning: conflicting types for built-in function ‘ldexpf’

    _configtest.c:14: warning: conflicting types for built-in function ‘hypotf’

    _configtest.c:15: warning: conflicting types for built-in function ‘log2f’

    _configtest.c:16: warning: conflicting types for built-in function ‘exp2f’

    _configtest.c:17: warning: conflicting types for built-in function ‘atanf’

    _configtest.c:18: warning: conflicting types for built-in function ‘fmodf’

    _configtest.c:19: warning: conflicting types for built-in function ‘atan2f’

    _configtest.c:20: warning: conflicting types for built-in function ‘modff’

    _configtest.c:21: warning: conflicting types for built-in function ‘ceilf’

    _configtest.c:22: warning: conflicting types for built-in function ‘log1pf’

    _configtest.c:23: warning: conflicting types for built-in function ‘asinf’

    _configtest.c:24: warning: conflicting types for built-in function ‘copysignf’

    _configtest.c:25: warning: conflicting types for built-in function ‘acoshf’

    _configtest.c:26: warning: conflicting types for built-in function ‘sinf’

    _configtest.c:27: warning: conflicting types for built-in function ‘tanf’

    _configtest.c:28: warning: conflicting types for built-in function ‘atanhf’

    _configtest.c:29: warning: conflicting types for built-in function ‘truncf’

    _configtest.c:30: warning: conflicting types for built-in function ‘asinhf’

    _configtest.c:31: warning: conflicting types for built-in function ‘frexpf’

    _configtest.c:32: warning: conflicting types for built-in function ‘powf’

    _configtest.c:33: warning: conflicting types for built-in function ‘expf’

    _configtest.c:34: warning: conflicting types for built-in function ‘expm1f’

    gcc -pthread _configtest.o -lm -o _configtest

    success!

    removing: _configtest.c _configtest.o _configtest

    C compiler: gcc -pthread -fno-strict-aliasing -DNDEBUG -g -fwrapv -O2 -Wall -Wstrict-prototypes -fPIC

    

    compile options: '-Inumpy/core/src/private -Inumpy/core/src -Inumpy/core -Inumpy/core/src/npymath -Inumpy/core/src/multiarray -Inumpy/core/src/umath -Inumpy/core/include -I/usr/include/python2.6 -c'

    gcc: _configtest.c

    _configtest.c:1: warning: conflicting types for built-in function ‘tanhl’

    _configtest.c:2: warning: conflicting types for built-in function ‘log10l’

    _configtest.c:3: warning: conflicting types for built-in function ‘nextafterl’

    _configtest.c:4: warning: conflicting types for built-in function ‘coshl’

    _configtest.c:5: warning: conflicting types for built-in function ‘cosl’

    _configtest.c:6: warning: conflicting types for built-in function ‘floorl’

    _configtest.c:7: warning: conflicting types for built-in function ‘rintl’

    _configtest.c:8: warning: conflicting types for built-in function ‘fabsl’

    _configtest.c:9: warning: conflicting types for built-in function ‘acosl’

    _configtest.c:10: warning: conflicting types for built-in function ‘ldexpl’

    _configtest.c:11: warning: conflicting types for built-in function ‘sqrtl’

    _configtest.c:12: warning: conflicting types for built-in function ‘logl’

    _configtest.c:13: warning: conflicting types for built-in function ‘expm1l’

    _configtest.c:14: warning: conflicting types for built-in function ‘hypotl’

    _configtest.c:15: warning: conflicting types for built-in function ‘log2l’

    _configtest.c:16: warning: conflicting types for built-in function ‘copysignl’

    _configtest.c:17: warning: conflicting types for built-in function ‘exp2l’

    _configtest.c:18: warning: conflicting types for built-in function ‘atanl’

    _configtest.c:19: warning: conflicting types for built-in function ‘frexpl’

    _configtest.c:20: warning: conflicting types for built-in function ‘atan2l’

    _configtest.c:21: warning: conflicting types for built-in function ‘sinhl’

    _configtest.c:22: warning: conflicting types for built-in function ‘fmodl’

    _configtest.c:23: warning: conflicting types for built-in function ‘log1pl’

    _configtest.c:24: warning: conflicting types for built-in function ‘asinl’

    _configtest.c:25: warning: conflicting types for built-in function ‘ceill’

    _configtest.c:26: warning: conflicting types for built-in function ‘sinl’

    _configtest.c:27: warning: conflicting types for built-in function ‘acoshl’

    _configtest.c:28: warning: conflicting types for built-in function ‘atanhl’

    _configtest.c:29: warning: conflicting types for built-in function ‘tanl’

    _configtest.c:30: warning: conflicting types for built-in function ‘truncl’

    _configtest.c:31: warning: conflicting types for built-in function ‘powl’

    _configtest.c:32: warning: conflicting types for built-in function ‘expl’

    _configtest.c:33: warning: conflicting types for built-in function ‘modfl’

    _configtest.c:34: warning: conflicting types for built-in function ‘asinhl’

    gcc -pthread _configtest.o -lm -o _configtest

    success!

    removing: _configtest.c _configtest.o _configtest

    C compiler: gcc -pthread -fno-strict-aliasing -DNDEBUG -g -fwrapv -O2 -Wall -Wstrict-prototypes -fPIC

    

    compile options: '-Inumpy/core/src/private -Inumpy/core/src -Inumpy/core -Inumpy/core/src/npymath -Inumpy/core/src/multiarray -Inumpy/core/src/umath -Inumpy/core/include -I/usr/include/python2.6 -c'

    gcc: _configtest.c

    _configtest.c:6: warning: function declaration isn’t a prototype

    success!

    removing: _configtest.c _configtest.o

    C compiler: gcc -pthread -fno-strict-aliasing -DNDEBUG -g -fwrapv -O2 -Wall -Wstrict-prototypes -fPIC

    

    compile options: '-Inumpy/core/src/private -Inumpy/core/src -Inumpy/core -Inumpy/core/src/npymath -Inumpy/core/src/multiarray -Inumpy/core/src/umath -Inumpy/core/include -I/usr/include/python2.6 -c'

    gcc: _configtest.c

    _configtest.c:6: warning: function declaration isn’t a prototype

    success!

    removing: _configtest.c _configtest.o

    C compiler: gcc -pthread -fno-strict-aliasing -DNDEBUG -g -fwrapv -O2 -Wall -Wstrict-prototypes -fPIC

    

    compile options: '-Inumpy/core/src/private -Inumpy/core/src -Inumpy/core -Inumpy/core/src/npymath -Inumpy/core/src/multiarray -Inumpy/core/src/umath -Inumpy/core/include -I/usr/include/python2.6 -c'

    gcc: _configtest.c

    _configtest.c:6: warning: function declaration isn’t a prototype

    success!

    removing: _configtest.c _configtest.o

    C compiler: gcc -pthread -fno-strict-aliasing -DNDEBUG -g -fwrapv -O2 -Wall -Wstrict-prototypes -fPIC

    

    compile options: '-Inumpy/core/src/private -Inumpy/core/src -Inumpy/core -Inumpy/core/src/npymath -Inumpy/core/src/multiarray -Inumpy/core/src/umath -Inumpy/core/include -I/usr/include/python2.6 -c'

    gcc: _configtest.c

    _configtest.c:6: warning: function declaration isn’t a prototype

    success!

    removing: _configtest.c _configtest.o

    C compiler: gcc -pthread -fno-strict-aliasing -DNDEBUG -g -fwrapv -O2 -Wall -Wstrict-prototypes -fPIC

    

    compile options: '-Inumpy/core/src/private -Inumpy/core/src -Inumpy/core -Inumpy/core/src/npymath -Inumpy/core/src/multiarray -Inumpy/core/src/umath -Inumpy/core/include -I/usr/include/python2.6 -c'

    gcc: _configtest.c

    _configtest.c:6: warning: function declaration isn’t a prototype

    _configtest.c: In function ‘main’:

    _configtest.c:8: error: ‘HAVE_DECL_SIGNBIT’ undeclared (first use in this function)

    _configtest.c:8: error: (Each undeclared identifier is reported only once

    _configtest.c:8: error: for each function it appears in.)

    _configtest.c:6: warning: function declaration isn’t a prototype

    _configtest.c: In function ‘main’:

    _configtest.c:8: error: ‘HAVE_DECL_SIGNBIT’ undeclared (first use in this function)

    _configtest.c:8: error: (Each undeclared identifier is reported only once

    _configtest.c:8: error: for each function it appears in.)

    failure.

    removing: _configtest.c _configtest.o

    C compiler: gcc -pthread -fno-strict-aliasing -DNDEBUG -g -fwrapv -O2 -Wall -Wstrict-prototypes -fPIC

    

    compile options: '-Inumpy/core/src/private -Inumpy/core/src -Inumpy/core -Inumpy/core/src/npymath -Inumpy/core/src/multiarray -Inumpy/core/src/umath -Inumpy/core/include -I/usr/include/python2.6 -c'

    gcc: _configtest.c

    _configtest.c:6: warning: function declaration isn’t a prototype

    success!

    removing: _configtest.c _configtest.o

    C compiler: gcc -pthread -fno-strict-aliasing -DNDEBUG -g -fwrapv -O2 -Wall -Wstrict-prototypes -fPIC

    

    compile options: '-Inumpy/core/src/private -Inumpy/core/src -Inumpy/core -Inumpy/core/src/npymath -Inumpy/core/src/multiarray -Inumpy/core/src/umath -Inumpy/core/include -I/usr/include/python2.6 -c'

    gcc: _configtest.c

    _configtest.c:6: warning: function declaration isn’t a prototype

    success!

    removing: _configtest.c _configtest.o

    C compiler: gcc -pthread -fno-strict-aliasing -DNDEBUG -g -fwrapv -O2 -Wall -Wstrict-prototypes -fPIC

    

    compile options: '-Inumpy/core/src/private -Inumpy/core/src -Inumpy/core -Inumpy/core/src/npymath -Inumpy/core/src/multiarray -Inumpy/core/src/umath -Inumpy/core/include -I/usr/include/python2.6 -c'

    gcc: _configtest.c

    _configtest.c:6: warning: function declaration isn’t a prototype

    success!

    removing: _configtest.c _configtest.o

    C compiler: gcc -pthread -fno-strict-aliasing -DNDEBUG -g -fwrapv -O2 -Wall -Wstrict-prototypes -fPIC

    

    compile options: '-Inumpy/core/src/private -Inumpy/core/src -Inumpy/core -Inumpy/core/src/npymath -Inumpy/core/src/multiarray -Inumpy/core/src/umath -Inumpy/core/include -I/usr/include/python2.6 -c'

    gcc: _configtest.c

    success!

    removing: _configtest.c _configtest.o

    C compiler: gcc -pthread -fno-strict-aliasing -DNDEBUG -g -fwrapv -O2 -Wall -Wstrict-prototypes -fPIC

    

    compile options: '-Inumpy/core/src/private -Inumpy/core/src -Inumpy/core -Inumpy/core/src/npymath -Inumpy/core/src/multiarray -Inumpy/core/src/umath -Inumpy/core/include -I/usr/include/python2.6 -c'

    gcc: _configtest.c

    _configtest.c:4: warning: function declaration isn’t a prototype

    removing: _configtest.c _configtest.o

    C compiler: gcc -pthread -fno-strict-aliasing -DNDEBUG -g -fwrapv -O2 -Wall -Wstrict-prototypes -fPIC

    

    compile options: '-Inumpy/core/src/private -Inumpy/core/src -Inumpy/core -Inumpy/core/src/npymath -Inumpy/core/src/multiarray -Inumpy/core/src/umath -Inumpy/core/include -I/usr/include/python2.6 -c'

    gcc: _configtest.c

    _configtest.c:4: warning: function declaration isn’t a prototype

    removing: _configtest.c _configtest.o

    C compiler: gcc -pthread -fno-strict-aliasing -DNDEBUG -g -fwrapv -O2 -Wall -Wstrict-prototypes -fPIC

    

    compile options: '-Inumpy/core/src/private -Inumpy/core/src -Inumpy/core -Inumpy/core/src/npymath -Inumpy/core/src/multiarray -Inumpy/core/src/umath -Inumpy/core/include -I/usr/include/python2.6 -c'

    gcc: _configtest.c

    _configtest.c:4: warning: function declaration isn’t a prototype

    removing: _configtest.c _configtest.o

    C compiler: gcc -pthread -fno-strict-aliasing -DNDEBUG -g -fwrapv -O2 -Wall -Wstrict-prototypes -fPIC

    

    compile options: '-Inumpy/core/src/private -Inumpy/core/src -Inumpy/core -Inumpy/core/src/npymath -Inumpy/core/src/multiarray -Inumpy/core/src/umath -Inumpy/core/include -I/usr/include/python2.6 -c'

    gcc: _configtest.c

    _configtest.c:1: warning: conflicting types for built-in function ‘cexp’

    _configtest.c:2: warning: conflicting types for built-in function ‘clog’

    _configtest.c:3: warning: conflicting types for built-in function ‘ccos’

    _configtest.c:4: warning: conflicting types for built-in function ‘cimag’

    _configtest.c:5: warning: conflicting types for built-in function ‘cabs’

    _configtest.c:6: warning: conflicting types for built-in function ‘cpow’

    _configtest.c:7: warning: conflicting types for built-in function ‘csqrt’

    _configtest.c:8: warning: conflicting types for built-in function ‘carg’

    _configtest.c:9: warning: conflicting types for built-in function ‘creal’

    _configtest.c:10: warning: conflicting types for built-in function ‘csin’

    gcc -pthread _configtest.o -lm -o _configtest

    success!

    removing: _configtest.c _configtest.o _configtest

    C compiler: gcc -pthread -fno-strict-aliasing -DNDEBUG -g -fwrapv -O2 -Wall -Wstrict-prototypes -fPIC

    

    compile options: '-Inumpy/core/src/private -Inumpy/core/src -Inumpy/core -Inumpy/core/src/npymath -Inumpy/core/src/multiarray -Inumpy/core/src/umath -Inumpy/core/include -I/usr/include/python2.6 -c'

    gcc: _configtest.c

    _configtest.c:1: warning: conflicting types for built-in function ‘ccosf’

    _configtest.c:2: warning: conflicting types for built-in function ‘cargf’

    _configtest.c:3: warning: conflicting types for built-in function ‘csqrtf’

    _configtest.c:4: warning: conflicting types for built-in function ‘cpowf’

    _configtest.c:5: warning: conflicting types for built-in function ‘cexpf’

    _configtest.c:6: warning: conflicting types for built-in function ‘crealf’

    _configtest.c:7: warning: conflicting types for built-in function ‘csinf’

    _configtest.c:8: warning: conflicting types for built-in function ‘cabsf’

    _configtest.c:9: warning: conflicting types for built-in function ‘clogf’

    _configtest.c:10: warning: conflicting types for built-in function ‘cimagf’

    gcc -pthread _configtest.o -lm -o _configtest

    success!

    removing: _configtest.c _configtest.o _configtest

    C compiler: gcc -pthread -fno-strict-aliasing -DNDEBUG -g -fwrapv -O2 -Wall -Wstrict-prototypes -fPIC

    

    compile options: '-Inumpy/core/src/private -Inumpy/core/src -Inumpy/core -Inumpy/core/src/npymath -Inumpy/core/src/multiarray -Inumpy/core/src/umath -Inumpy/core/include -I/usr/include/python2.6 -c'

    gcc: _configtest.c

    _configtest.c:1: warning: conflicting types for built-in function ‘csqrtl’

    _configtest.c:2: warning: conflicting types for built-in function ‘cargl’

    _configtest.c:3: warning: conflicting types for built-in function ‘cexpl’

    _configtest.c:4: warning: conflicting types for built-in function ‘ccosl’

    _configtest.c:5: warning: conflicting types for built-in function ‘cpowl’

    _configtest.c:6: warning: conflicting types for built-in function ‘cimagl’

    _configtest.c:7: warning: conflicting types for built-in function ‘csinl’

    _configtest.c:8: warning: conflicting types for built-in function ‘creall’

    _configtest.c:9: warning: conflicting types for built-in function ‘clogl’

    _configtest.c:10: warning: conflicting types for built-in function ‘cabsl’

    gcc -pthread _configtest.o -lm -o _configtest

    success!

    removing: _configtest.c _configtest.o _configtest

    C compiler: gcc -pthread -fno-strict-aliasing -DNDEBUG -g -fwrapv -O2 -Wall -Wstrict-prototypes -fPIC

    

    compile options: '-Inumpy/core/src/private -Inumpy/core/src -Inumpy/core -Inumpy/core/src/npymath -Inumpy/core/src/multiarray -Inumpy/core/src/umath -Inumpy/core/include -I/usr/include/python2.6 -c'

    gcc: _configtest.c

    success!

    removing: _configtest.c _configtest.o

    C compiler: gcc -pthread -fno-strict-aliasing -DNDEBUG -g -fwrapv -O2 -Wall -Wstrict-prototypes -fPIC

    

    compile options: '-Inumpy/core/src/private -Inumpy/core/src -Inumpy/core -Inumpy/core/src/npymath -Inumpy/core/src/multiarray -Inumpy/core/src/umath -Inumpy/core/include -I/usr/include/python2.6 -c'

    gcc: _configtest.c

    _configtest.c:5: warning: function declaration isn’t a prototype

    success!

    removing: _configtest.c _configtest.o

    C compiler: gcc -pthread -fno-strict-aliasing -DNDEBUG -g -fwrapv -O2 -Wall -Wstrict-prototypes -fPIC

    

    compile options: '-Inumpy/core/src/private -Inumpy/core/src -Inumpy/core -Inumpy/core/src/npymath -Inumpy/core/src/multiarray -Inumpy/core/src/umath -Inumpy/core/include -I/usr/include/python2.6 -c'

    gcc: _configtest.c

    removing: _configtest.c _configtest.o

    ('File:', 'build/src.linux-x86_64-2.6/numpy/core/include/numpy/config.h')

    #define HAVE_ENDIAN_H 1

    #define SIZEOF_PY_INTPTR_T 8

    #define SIZEOF_PY_LONG_LONG 8

    #define MATHLIB m

    #define HAVE_SIN

    #define HAVE_COS

    #define HAVE_TAN

    #define HAVE_SINH

    #define HAVE_COSH

    #define HAVE_TANH

    #define HAVE_FABS

    #define HAVE_FLOOR

    #define HAVE_CEIL

    #define HAVE_SQRT

    #define HAVE_LOG10

    #define HAVE_LOG

    #define HAVE_EXP

    #define HAVE_ASIN

    #define HAVE_ACOS

    #define HAVE_ATAN

    #define HAVE_FMOD

    #define HAVE_MODF

    #define HAVE_FREXP

    #define HAVE_LDEXP

    #define HAVE_RINT

    #define HAVE_TRUNC

    #define HAVE_EXP2

    #define HAVE_LOG2

    #define HAVE_ATAN2

    #define HAVE_POW

    #define HAVE_NEXTAFTER

    #define HAVE_SINF

    #define HAVE_COSF

    #define HAVE_TANF

    #define HAVE_SINHF

    #define HAVE_COSHF

    #define HAVE_TANHF

    #define HAVE_FABSF

    #define HAVE_FLOORF

    #define HAVE_CEILF

    #define HAVE_RINTF

    #define HAVE_TRUNCF

    #define HAVE_SQRTF

    #define HAVE_LOG10F

    #define HAVE_LOGF

    #define HAVE_LOG1PF

    #define HAVE_EXPF

    #define HAVE_EXPM1F

    #define HAVE_ASINF

    #define HAVE_ACOSF

    #define HAVE_ATANF

    #define HAVE_ASINHF

    #define HAVE_ACOSHF

    #define HAVE_ATANHF

    #define HAVE_HYPOTF

    #define HAVE_ATAN2F

    #define HAVE_POWF

    #define HAVE_FMODF

    #define HAVE_MODFF

    #define HAVE_FREXPF

    #define HAVE_LDEXPF

    #define HAVE_EXP2F

    #define HAVE_LOG2F

    #define HAVE_COPYSIGNF

    #define HAVE_NEXTAFTERF

    #define HAVE_SINL

    #define HAVE_COSL

    #define HAVE_TANL

    #define HAVE_SINHL

    #define HAVE_COSHL

    #define HAVE_TANHL

    #define HAVE_FABSL

    #define HAVE_FLOORL

    #define HAVE_CEILL

    #define HAVE_RINTL

    #define HAVE_TRUNCL

    #define HAVE_SQRTL

    #define HAVE_LOG10L

    #define HAVE_LOGL

    #define HAVE_LOG1PL

    #define HAVE_EXPL

    #define HAVE_EXPM1L

    #define HAVE_ASINL

    #define HAVE_ACOSL

    #define HAVE_ATANL

    #define HAVE_ASINHL

    #define HAVE_ACOSHL

    #define HAVE_ATANHL

    #define HAVE_HYPOTL

    #define HAVE_ATAN2L

    #define HAVE_POWL

    #define HAVE_FMODL

    #define HAVE_MODFL

    #define HAVE_FREXPL

    #define HAVE_LDEXPL

    #define HAVE_EXP2L

    #define HAVE_LOG2L

    #define HAVE_COPYSIGNL

    #define HAVE_NEXTAFTERL

    #define HAVE_DECL_SIGNBIT

    #define HAVE_COMPLEX_H

    #define HAVE_CREAL

    #define HAVE_CIMAG

    #define HAVE_CABS

    #define HAVE_CARG

    #define HAVE_CEXP

    #define HAVE_CSQRT

    #define HAVE_CLOG

    #define HAVE_CCOS

    #define HAVE_CSIN

    #define HAVE_CPOW

    #define HAVE_CREALF

    #define HAVE_CIMAGF

    #define HAVE_CABSF

    #define HAVE_CARGF

    #define HAVE_CEXPF

    #define HAVE_CSQRTF

    #define HAVE_CLOGF

    #define HAVE_CCOSF

    #define HAVE_CSINF

    #define HAVE_CPOWF

    #define HAVE_CREALL

    #define HAVE_CIMAGL

    #define HAVE_CABSL

    #define HAVE_CARGL

    #define HAVE_CEXPL

    #define HAVE_CSQRTL

    #define HAVE_CLOGL

    #define HAVE_CCOSL

    #define HAVE_CSINL

    #define HAVE_CPOWL

    #define HAVE_LDOUBLE_INTEL_EXTENDED_16_BYTES_LE 1

    #ifndef __cplusplus

    /* #undef inline */

    #endif

    

    #ifndef _NPY_NPY_CONFIG_H_

    #error config.h should never be included directly, include npy_config.h instead

    #endif

    

    EOF

      adding 'build/src.linux-x86_64-2.6/numpy/core/include/numpy/config.h' to sources.

    Generating build/src.linux-x86_64-2.6/numpy/core/include/numpy/_numpyconfig.h

    C compiler: gcc -pthread -fno-strict-aliasing -DNDEBUG -g -fwrapv -O2 -Wall -Wstrict-prototypes -fPIC

    

    compile options: '-Inumpy/core/src/private -Inumpy/core/src -Inumpy/core -Inumpy/core/src/npymath -Inumpy/core/src/multiarray -Inumpy/core/src/umath -Inumpy/core/include -I/usr/include/python2.6 -c'

    gcc: _configtest.c

    _configtest.c:1: warning: conflicting types for built-in function ‘exp’

    gcc -pthread _configtest.o -o _configtest

    _configtest.o: In function `main':

    /home/stu/testingpip/build/numpy/_configtest.c:6: undefined reference to `exp'

    collect2: ld returned 1 exit status

    _configtest.o: In function `main':

    /home/stu/testingpip/build/numpy/_configtest.c:6: undefined reference to `exp'

    collect2: ld returned 1 exit status

    failure.

    removing: _configtest.c _configtest.o

    C compiler: gcc -pthread -fno-strict-aliasing -DNDEBUG -g -fwrapv -O2 -Wall -Wstrict-prototypes -fPIC

    

    compile options: '-Inumpy/core/src/private -Inumpy/core/src -Inumpy/core -Inumpy/core/src/npymath -Inumpy/core/src/multiarray -Inumpy/core/src/umath -Inumpy/core/include -I/usr/include/python2.6 -c'

    gcc: _configtest.c

    _configtest.c:1: warning: conflicting types for built-in function ‘exp’

    gcc -pthread _configtest.o -lm -o _configtest

    success!

    removing: _configtest.c _configtest.o _configtest

    C compiler: gcc -pthread -fno-strict-aliasing -DNDEBUG -g -fwrapv -O2 -Wall -Wstrict-prototypes -fPIC

    

    compile options: '-Inumpy/core/src/private -Inumpy/core/src -Inumpy/core -Inumpy/core/src/npymath -Inumpy/core/src/multiarray -Inumpy/core/src/umath -Inumpy/core/include -I/usr/include/python2.6 -c'

    gcc: _configtest.c

    _configtest.c:5: warning: function declaration isn’t a prototype

    success!

    removing: _configtest.c _configtest.o

    C compiler: gcc -pthread -fno-strict-aliasing -DNDEBUG -g -fwrapv -O2 -Wall -Wstrict-prototypes -fPIC

    

    compile options: '-Inumpy/core/src/private -Inumpy/core/src -Inumpy/core -Inumpy/core/src/npymath -Inumpy/core/src/multiarray -Inumpy/core/src/umath -Inumpy/core/include -I/usr/include/python2.6 -c'

    gcc: _configtest.c

    _configtest.c:4: warning: function declaration isn’t a prototype

    _configtest.c:5:18: warning: extra tokens at end of #ifndef directive

    _configtest.c: In function ‘main’:

    _configtest.c:8: warning: control reaches end of non-void function

    success!

    removing: _configtest.c _configtest.o

    File: build/src.linux-x86_64-2.6/numpy/core/include/numpy/_numpyconfig.h

    #define NPY_HAVE_ENDIAN_H 1

    #define NPY_SIZEOF_SHORT SIZEOF_SHORT

    #define NPY_SIZEOF_INT SIZEOF_INT

    #define NPY_SIZEOF_LONG SIZEOF_LONG

    #define NPY_SIZEOF_FLOAT 4

    #define NPY_SIZEOF_COMPLEX_FLOAT 8

    #define NPY_SIZEOF_DOUBLE 8

    #define NPY_SIZEOF_COMPLEX_DOUBLE 16

    #define NPY_SIZEOF_LONGDOUBLE 16

    #define NPY_SIZEOF_COMPLEX_LONGDOUBLE 32

    #define NPY_SIZEOF_PY_INTPTR_T 8

    #define NPY_SIZEOF_PY_LONG_LONG 8

    #define NPY_SIZEOF_LONGLONG 8

    #define NPY_NO_SMP 0

    #define NPY_HAVE_DECL_ISNAN

    #define NPY_HAVE_DECL_ISINF

    #define NPY_HAVE_DECL_ISFINITE

    #define NPY_HAVE_DECL_SIGNBIT

    #define NPY_USE_C99_COMPLEX

    #define NPY_HAVE_COMPLEX_DOUBLE 1

    #define NPY_HAVE_COMPLEX_FLOAT 1

    #define NPY_HAVE_COMPLEX_LONG_DOUBLE 1

    #define NPY_USE_C99_FORMATS 1

    #define NPY_VISIBILITY_HIDDEN __attribute__((visibility("hidden")))

    #define NPY_ABI_VERSION 0x01000009

    #define NPY_API_VERSION 0x00000006

    

    #ifndef __STDC_FORMAT_MACROS

    #define __STDC_FORMAT_MACROS 1

    #endif

    

    EOF

      adding 'build/src.linux-x86_64-2.6/numpy/core/include/numpy/_numpyconfig.h' to sources.

    executing numpy/core/code_generators/generate_numpy_api.py

      adding 'build/src.linux-x86_64-2.6/numpy/core/include/numpy/__multiarray_api.h' to sources.

    conv_template:> build/src.linux-x86_64-2.6/numpy/core/src/_sortmodule.c

    numpy.core - nothing done with h_files = ['build/src.linux-x86_64-2.6/numpy/core/include/numpy/config.h', 'build/src.linux-x86_64-2.6/numpy/core/include/numpy/_numpyconfig.h', 'build/src.linux-x86_64-2.6/numpy/core/include/numpy/__multiarray_api.h']

    building extension "numpy.core.multiarray" sources

    non-existing path in 'numpy/core': 'build/src.linux-x86_64-2.6/numpy/core/src/multiarray'

    creating build/src.linux-x86_64-2.6/numpy/core/src/multiarray
    conv_template:> build/src.linux-x86_64-2.6/numpy/core/src/multiarray/scalartypes.c

    conv_template:> build/src.linux-x86_64-2.6/numpy/core/src/multiarray/arraytypes.c

    conv_template:> build/src.linux-x86_64-2.6/numpy/core/src/multiarray/nditer.c

    conv_template:> build/src.linux-x86_64-2.6/numpy/core/src/multiarray/lowlevel_strided_loops.c

    conv_template:> build/src.linux-x86_64-2.6/numpy/core/src/multiarray/einsum.c

      adding 'build/src.linux-x86_64-2.6/numpy/core/include/numpy/config.h' to sources.

      adding 'build/src.linux-x86_64-2.6/numpy/core/include/numpy/_numpyconfig.h' to sources.

    executing numpy/core/code_generators/generate_numpy_api.py

      adding 'build/src.linux-x86_64-2.6/numpy/core/include/numpy/__multiarray_api.h' to sources.

    numpy.core - nothing done with h_files = ['build/src.linux-x86_64-2.6/numpy/core/include/numpy/config.h', 'build/src.linux-x86_64-2.6/numpy/core/include/numpy/_numpyconfig.h', 'build/src.linux-x86_64-2.6/numpy/core/include/numpy/__multiarray_api.h']

    building extension "numpy.core.umath" sources

      adding 'build/src.linux-x86_64-2.6/numpy/core/include/numpy/config.h' to sources.

      adding 'build/src.linux-x86_64-2.6/numpy/core/include/numpy/_numpyconfig.h' to sources.

    executing numpy/core/code_generators/generate_ufunc_api.py

      adding 'build/src.linux-x86_64-2.6/numpy/core/include/numpy/__ufunc_api.h' to sources.

    non-existing path in 'numpy/core': 'build/src.linux-x86_64-2.6/numpy/core/src/umath'

    creating build/src.linux-x86_64-2.6/numpy/core/src/umath
    conv_template:> build/src.linux-x86_64-2.6/numpy/core/src/umath/loops.c

    conv_template:> build/src.linux-x86_64-2.6/numpy/core/src/umath/umathmodule.c

    conv_template:> build/src.linux-x86_64-2.6/numpy/core/src/umath/funcs.inc

      adding 'build/src.linux-x86_64-2.6/numpy/core/src/umath' to include_dirs.

    numpy.core - nothing done with h_files = ['build/src.linux-x86_64-2.6/numpy/core/src/umath/funcs.inc', 'build/src.linux-x86_64-2.6/numpy/core/include/numpy/config.h', 'build/src.linux-x86_64-2.6/numpy/core/include/numpy/_numpyconfig.h', 'build/src.linux-x86_64-2.6/numpy/core/include/numpy/__ufunc_api.h']

    building extension "numpy.core.scalarmath" sources

      adding 'build/src.linux-x86_64-2.6/numpy/core/include/numpy/config.h' to sources.

      adding 'build/src.linux-x86_64-2.6/numpy/core/include/numpy/_numpyconfig.h' to sources.

    executing numpy/core/code_generators/generate_numpy_api.py

      adding 'build/src.linux-x86_64-2.6/numpy/core/include/numpy/__multiarray_api.h' to sources.

    executing numpy/core/code_generators/generate_ufunc_api.py

      adding 'build/src.linux-x86_64-2.6/numpy/core/include/numpy/__ufunc_api.h' to sources.

    conv_template:> build/src.linux-x86_64-2.6/numpy/core/src/scalarmathmodule.c

    numpy.core - nothing done with h_files = ['build/src.linux-x86_64-2.6/numpy/core/include/numpy/config.h', 'build/src.linux-x86_64-2.6/numpy/core/include/numpy/_numpyconfig.h', 'build/src.linux-x86_64-2.6/numpy/core/include/numpy/__multiarray_api.h', 'build/src.linux-x86_64-2.6/numpy/core/include/numpy/__ufunc_api.h']

    building extension "numpy.core._dotblas" sources

    building extension "numpy.core.umath_tests" sources

    conv_template:> build/src.linux-x86_64-2.6/numpy/core/src/umath/umath_tests.c

    building extension "numpy.core.multiarray_tests" sources

    conv_template:> build/src.linux-x86_64-2.6/numpy/core/src/multiarray/multiarray_tests.c

    building extension "numpy.lib._compiled_base" sources

    building extension "numpy.numarray._capi" sources

    building extension "numpy.fft.fftpack_lite" sources

    building extension "numpy.linalg.lapack_lite" sources

    creating build/src.linux-x86_64-2.6/numpy/linalg
      adding 'numpy/linalg/lapack_litemodule.c' to sources.

      adding 'numpy/linalg/python_xerbla.c' to sources.

    building extension "numpy.random.mtrand" sources

    creating build/src.linux-x86_64-2.6/numpy/random
    /home/stu/testingpip/build/numpy/numpy/distutils/command/config.py:40: DeprecationWarning:

    +++++++++++++++++++++++++++++++++++++++++++++++++

    Usage of try_run is deprecated: please do not

    use it anymore, and avoid configuration checks

    involving running executable on the target machine.

    +++++++++++++++++++++++++++++++++++++++++++++++++

    

      DeprecationWarning)

    C compiler: gcc -pthread -fno-strict-aliasing -DNDEBUG -g -fwrapv -O2 -Wall -Wstrict-prototypes -fPIC

    

    compile options: '-Inumpy/core/src/private -Inumpy/core/src -Inumpy/core -Inumpy/core/src/npymath -Inumpy/core/src/multiarray -Inumpy/core/src/umath -Inumpy/core/include -I/usr/include/python2.6 -c'

    gcc: _configtest.c

    gcc -pthread _configtest.o -o _configtest

    _configtest

    failure.

    removing: _configtest.c _configtest.o _configtest

    building data_files sources

    build_src: building npy-pkg config files

    creating pip-egg-info/numpy.egg-info
    writing pip-egg-info/numpy.egg-info/PKG-INFO
    writing top-level names to pip-egg-info/numpy.egg-info/top_level.txt
    writing dependency_links to pip-egg-info/numpy.egg-info/dependency_links.txt
    writing manifest file 'pip-egg-info/numpy.egg-info/SOURCES.txt'
    warning: manifest_maker: standard file '-c' not found
    reading manifest file 'pip-egg-info/numpy.egg-info/SOURCES.txt'
    reading manifest template 'MANIFEST.in'
    writing manifest file 'pip-egg-info/numpy.egg-info/SOURCES.txt'
Downloading/unpacking pil

  Getting page http://pypi.python.org/simple/pil
  URLs to search for versions for pil:
  * http://pypi.python.org/simple/pil/
  Getting page http://pypi.python.org/simple/pil/
  Getting page http://www.pythonware.com/products/pil
  Getting page http://effbot.org/zone/pil-changes-115.htm
  Could not fetch URL http://www.pythonware.com/downloads/Imaging-1.1.3.tar.gz (from http://pypi.python.org/simple/PIL/): HTTP Error 404: Not Found
  Will skip URL http://www.pythonware.com/downloads/Imaging-1.1.3.tar.gz when looking for download links for pil
  Getting page http://effbot.org/downloads/
  Analyzing links from page http://pypi.python.org/simple/PIL/
    Skipping link http://www.pythonware.com/products/pil (from http://pypi.python.org/simple/PIL/); not a file
    Skipping link http://effbot.org/zone/pil-changes-115.htm (from http://pypi.python.org/simple/PIL/); unknown archive format: .htm
    Skipping link http://www.pythonware.com/products/pil/ (from http://pypi.python.org/simple/PIL/); not a file
    Skipping link http://www.pythonware.com/downloads/Imaging-1.1.3.tar.gz (from http://pypi.python.org/simple/PIL/); wrong project name (not pil)
    Skipping link http://effbot.org/downloads/#Imaging (from http://pypi.python.org/simple/PIL/); not a file
  Analyzing links from page http://www.pythonware.com/products/pil/
    Skipping link http://www.pythonware.com/media/css/pythonware.css (from http://www.pythonware.com/products/pil/); unknown archive format: .css
    Skipping link http://www.pythonware.com/index.htm (from http://www.pythonware.com/products/pil/); unknown archive format: .htm
    Skipping link http://www.pythonware.com/products/index.htm (from http://www.pythonware.com/products/pil/); unknown archive format: .htm
    Skipping link http://www.pythonware.com/library/index.htm (from http://www.pythonware.com/products/pil/); unknown archive format: .htm
    Skipping link http://www.pythonware.com/search.htm (from http://www.pythonware.com/products/pil/); unknown archive format: .htm
    Skipping link http://www.pythonware.com/daily/index.htm (from http://www.pythonware.com/products/pil/); unknown archive format: .htm
    Skipping link http://www.pythonware.com/products/ (from http://www.pythonware.com/products/pil/); not a file
    Skipping link http://www.pythonware.com/products/pil/support.htm (from http://www.pythonware.com/products/pil/); unknown archive format: .htm
    Skipping link http://www.pythonware.com/products/pil/old.htm (from http://www.pythonware.com/products/pil/); unknown archive format: .htm
    Skipping link http://www.pythonware.com/products/pil/license.htm (from http://www.pythonware.com/products/pil/); unknown archive format: .htm
    Skipping link http://www.pythonware.com/products/pil/faq.htm (from http://www.pythonware.com/products/pil/); unknown archive format: .htm
    Skipping link http://www.djangoproject.com/ (from http://www.pythonware.com/products/pil/); not a file
    Skipping link http://www.pythonware.com/products/pil/#pil117 (from http://www.pythonware.com/products/pil/); not a file
    Skipping link mailto:image-sig@python.org (from http://www.pythonware.com/products/pil/); unknown archive format: .org
    Skipping link http://mail.python.org/mailman/listinfo/image-sig (from http://www.pythonware.com/products/pil/); not a file
    Skipping link mailto:image-sig-request@python.org (from http://www.pythonware.com/products/pil/); unknown archive format: .org
    Skipping link http://effbot.org/downloads/Imaging-1.1.7.tar.gz (from http://www.pythonware.com/products/pil/); wrong project name (not pil)
    Skipping link http://effbot.org/downloads/PIL-1.1.7.win32-py2.4.exe (from http://www.pythonware.com/products/pil/); unknown archive format: .exe
    Skipping link http://effbot.org/downloads/PIL-1.1.7.win32-py2.5.exe (from http://www.pythonware.com/products/pil/); unknown archive format: .exe
    Skipping link http://effbot.org/downloads/PIL-1.1.7.win32-py2.6.exe (from http://www.pythonware.com/products/pil/); unknown archive format: .exe
    Skipping link http://effbot.org/downloads/PIL-1.1.7.win32-py2.7.exe (from http://www.pythonware.com/products/pil/); unknown archive format: .exe
    Skipping link http://effbot.org/downloads#pil (from http://www.pythonware.com/products/pil/); not a file
    Skipping link http://effbot.org/downloads/Imaging-1.1.6.tar.gz (from http://www.pythonware.com/products/pil/); wrong project name (not pil)
    Skipping link http://effbot.org/downloads/PIL-1.1.6.win32-py2.2.exe (from http://www.pythonware.com/products/pil/); unknown archive format: .exe
    Skipping link http://effbot.org/downloads/PIL-1.1.6.win32-py2.3.exe (from http://www.pythonware.com/products/pil/); unknown archive format: .exe
    Skipping link http://effbot.org/downloads/PIL-1.1.6.win32-py2.4.exe (from http://www.pythonware.com/products/pil/); unknown archive format: .exe
    Skipping link http://effbot.org/downloads/PIL-1.1.6.win32-py2.5.exe (from http://www.pythonware.com/products/pil/); unknown archive format: .exe
    Skipping link http://effbot.org/downloads/PIL-1.1.6.win32-py2.6.exe (from http://www.pythonware.com/products/pil/); unknown archive format: .exe
    Skipping link http://effbot.org/zone/pil-changes-116.htm (from http://www.pythonware.com/products/pil/); unknown archive format: .htm
    Skipping link http://effbot.org/zone/python-register.htm (from http://www.pythonware.com/products/pil/); unknown archive format: .htm
    Skipping link http://effbot.org/downloads/Imaging-1.1.5.tar.gz (from http://www.pythonware.com/products/pil/); wrong project name (not pil)
    Skipping link http://effbot.org/downloads/PIL-1.1.5.win32-py2.1.exe (from http://www.pythonware.com/products/pil/); unknown archive format: .exe
    Skipping link http://effbot.org/downloads/PIL-1.1.5.win32-py2.2.exe (from http://www.pythonware.com/products/pil/); unknown archive format: .exe
    Skipping link http://effbot.org/downloads/PIL-1.1.5.win32-py2.3.exe (from http://www.pythonware.com/products/pil/); unknown archive format: .exe
    Skipping link http://effbot.org/downloads/PIL-1.1.5.win32-py2.4.exe (from http://www.pythonware.com/products/pil/); unknown archive format: .exe
    Skipping link http://effbot.org/downloads/PIL-1.1.5.win32-py2.5.exe (from http://www.pythonware.com/products/pil/); unknown archive format: .exe
    Skipping link http://www.pythonware.com/library/pil/handbook/index.htm (from http://www.pythonware.com/products/pil/); unknown archive format: .htm
    Skipping link http://www.pythonware.com/media/data/pil-handbook.pdf (from http://www.pythonware.com/products/pil/); unknown archive format: .pdf
  Analyzing links from page http://effbot.org/zone/pil-changes-115.htm
    Skipping link http://effbot.org/zone/rss.xml (from http://effbot.org/zone/pil-changes-115.htm); unknown archive format: .xml
    Skipping link http://effbot.org/media/img/effbot.ico (from http://effbot.org/zone/pil-changes-115.htm); unknown archive format: .ico
    Skipping link http://effbot.org/media/css/effbot-min.css (from http://effbot.org/zone/pil-changes-115.htm); unknown archive format: .css
    Skipping link http://effbot.org/media/css/effbotprint-min.css (from http://effbot.org/zone/pil-changes-115.htm); unknown archive format: .css
    Skipping link http://effbot.org/downloads#imaging (from http://effbot.org/zone/pil-changes-115.htm); not a file
    Skipping link http://effbot.org/ (from http://effbot.org/zone/pil-changes-115.htm); not a file
    Skipping link http://effbot.org/zone/pil-errata-114.htm (from http://effbot.org/zone/pil-changes-115.htm); unknown archive format: .htm
    Skipping link http://effbot.org/zone/pythondoc.htm (from http://effbot.org/zone/pil-changes-115.htm); unknown archive format: .htm
    Skipping link http://effbot.org/downloads#pilwmf (from http://effbot.org/zone/pil-changes-115.htm); not a file
    Skipping link http://effbot.org/zone/ (from http://effbot.org/zone/pil-changes-115.htm); not a file
    Skipping link http://www.webfaction.com/shared_hosting?affiliate=slab (from http://effbot.org/zone/pil-changes-115.htm); not a file
  Analyzing links from page http://www.pythonware.com/products/pil/
    Skipping link http://effbot.org/downloads/Imaging-1.1.7.tar.gz (from http://www.pythonware.com/products/pil/); wrong project name (not pil)
    Skipping link http://effbot.org/downloads/Imaging-1.1.6.tar.gz (from http://www.pythonware.com/products/pil/); wrong project name (not pil)
    Skipping link http://effbot.org/downloads/Imaging-1.1.5.tar.gz (from http://www.pythonware.com/products/pil/); wrong project name (not pil)
  Analyzing links from page http://effbot.org/downloads/
    Skipping link http://effbot.org/downloads/rss.xml (from http://effbot.org/downloads/); unknown archive format: .xml
    Skipping link http://effbot.org/zone/copyright.htm (from http://effbot.org/downloads/); unknown archive format: .htm
    Skipping link http://www.amazon.co.uk/gp/registry/2QZDLLDVBENMC (from http://effbot.org/downloads/); not a file
    Skipping link http://effbot.org/downloads/#aggdraw (from http://effbot.org/downloads/); not a file
    Skipping link http://effbot.org/downloads/#pil (from http://effbot.org/downloads/); not a file
    Skipping link http://effbot.org/zone/draw-agg.htm (from http://effbot.org/downloads/); unknown archive format: .htm
    Skipping link http://effbot.org/media/downloads/aggdraw-1.2a3-20060212.win32-py2.6.exe (from http://effbot.org/downloads/); unknown archive format: .exe
    Skipping link http://effbot.org/media/downloads/aggdraw-1.2a3-20060212.win32-py2.5.exe (from http://effbot.org/downloads/); unknown archive format: .exe
    Skipping link http://effbot.org/media/downloads/aggdraw-1.2a3-20060212.win32-py2.4.exe (from http://effbot.org/downloads/); unknown archive format: .exe
    Skipping link http://effbot.org/media/downloads/aggdraw-1.2a3-20060212.win32-py2.3.exe (from http://effbot.org/downloads/); unknown archive format: .exe
    Skipping link http://effbot.org/media/downloads/aggdraw-1.1-20051010.win32-py2.4.exe (from http://effbot.org/downloads/); unknown archive format: .exe
    Skipping link http://effbot.org/media/downloads/aggdraw-1.1-20051010.win32-py2.3.exe (from http://effbot.org/downloads/); unknown archive format: .exe
    Skipping link http://effbot.org/media/downloads/aggdraw-1.1-20051010.zip (from http://effbot.org/downloads/); wrong project name (not pil)
    Skipping link http://svn.effbot.org/public/tags/aggdraw-1.2a3-20060212 (from http://effbot.org/downloads/); unknown archive format: .2a3-20060212
    Skipping link http://effbot.org/downloads/#celementtree (from http://effbot.org/downloads/); not a file
    Skipping link http://effbot.org/downloads/#elementtree (from http://effbot.org/downloads/); not a file
    Skipping link http://effbot.org/zone/element-index.htm (from http://effbot.org/downloads/); unknown archive format: .htm
    Skipping link http://effbot.org/zone/celementtree.htm (from http://effbot.org/downloads/); unknown archive format: .htm
    Skipping link http://effbot.org/media/downloads/cElementTree-1.0.5-20051216.tar.gz (from http://effbot.org/downloads/); wrong project name (not pil)
    Skipping link http://effbot.org/media/downloads/cElementTree-1.0.5-20051216.zip (from http://effbot.org/downloads/); wrong project name (not pil)
    Skipping link http://effbot.org/media/downloads/cElementTree-1.0.5-20051215.win32-py2.4.exe (from http://effbot.org/downloads/); unknown archive format: .exe
    Skipping link http://effbot.org/media/downloads/cElementTree-1.0.5-20051215.win32-py2.3.exe (from http://effbot.org/downloads/); unknown archive format: .exe
    Skipping link http://effbot.org/media/downloads/cElementTree-1.0.2-20050302.win32-py2.2.exe (from http://effbot.org/downloads/); unknown archive format: .exe
    Skipping link http://effbot.org/media/downloads/cElementTree-1.0.2-20050302.win32-py2.1.exe (from http://effbot.org/downloads/); unknown archive format: .exe
    Skipping link http://effbot.org/media/downloads/cElementTree-1.0.2-20050302.zip (from http://effbot.org/downloads/); wrong project name (not pil)
    Skipping link http://effbot.org/media/downloads/cElementTree-1.0.1-20050130.zip (from http://effbot.org/downloads/); wrong project name (not pil)
    Skipping link http://effbot.org/media/downloads/cElementTree-1.0-20050126.zip (from http://effbot.org/downloads/); wrong project name (not pil)
    Skipping link http://svn.effbot.org/public/tags/celementtree-1.0.6-20090110-preview (from http://effbot.org/downloads/); unknown archive format: .6-20090110-preview
    Skipping link http://svn.effbot.org/public/tags/celementtree-1.0.6-20070831-preview (from http://effbot.org/downloads/); unknown archive format: .6-20070831-preview
    Skipping link http://svn.effbot.org/public/tags/celementtree-1.0.5-20051216 (from http://effbot.org/downloads/); unknown archive format: .5-20051216
    Skipping link http://svn.effbot.org/public/tags/celementtree-1.0.4-20051213 (from http://effbot.org/downloads/); unknown archive format: .4-20051213
    Skipping link http://svn.effbot.org/public/tags/celementtree-1.0.2-20050302 (from http://effbot.org/downloads/); unknown archive format: .2-20050302
    Skipping link http://svn.effbot.org/public/tags/celementtree-1.0.1-20050130 (from http://effbot.org/downloads/); unknown archive format: .1-20050130
    Skipping link http://svn.effbot.org/public/tags/celementtree-1.0-20050126 (from http://effbot.org/downloads/); unknown archive format: .0-20050126
    Skipping link http://effbot.org/downloads/#console (from http://effbot.org/downloads/); not a file
    Skipping link http://effbot.org/zone/console-index.htm (from http://effbot.org/downloads/); unknown archive format: .htm
    Skipping link http://effbot.org/media/downloads/console-1.1a2-20100425.win32-py2.6.exe (from http://effbot.org/downloads/); unknown archive format: .exe
    Skipping link http://effbot.org/media/downloads/console-1.1a2-20100425.win32-py2.5.exe (from http://effbot.org/downloads/); unknown archive format: .exe
    Skipping link http://effbot.org/media/downloads/console-1.1a1-20011229.win32-py2.6.exe (from http://effbot.org/downloads/); unknown archive format: .exe
    Skipping link http://effbot.org/media/downloads/console-1.1a1-20011229.win32-py2.5.exe (from http://effbot.org/downloads/); unknown archive format: .exe
    Skipping link http://effbot.org/media/downloads/console-1.1a1-20011229.win32-py2.4.exe (from http://effbot.org/downloads/); unknown archive format: .exe
    Skipping link http://effbot.org/media/downloads/console-1.1a1-20011229.win32-py2.3.exe (from http://effbot.org/downloads/); unknown archive format: .exe
    Skipping link http://effbot.org/media/downloads/console-1.1a1-20011229.win32-py2.2.exe (from http://effbot.org/downloads/); unknown archive format: .exe
    Skipping link http://effbot.org/media/downloads/console-1.1a1-20011229.win32-py2.1.exe (from http://effbot.org/downloads/); unknown archive format: .exe
    Skipping link http://effbot.org/media/downloads/console-1.1a1-20011229.zip (from http://effbot.org/downloads/); wrong project name (not pil)
    Skipping link http://effbot.org/downloads/#effbot (from http://effbot.org/downloads/); not a file
    Skipping link http://effbot.org/zone/effbot-exe-index.htm (from http://effbot.org/downloads/); unknown archive format: .htm
    Skipping link http://effbot.org/zone/effnews-exe.htm (from http://effbot.org/downloads/); unknown archive format: .htm
    Skipping link http://effbot.org/downloads/effbot-1.0.19-20040517.exe (from http://effbot.org/downloads/); unknown archive format: .exe
    Skipping link http://effbot.org/media/downloads/effbot-1.0.19-20040517.exe (from http://effbot.org/downloads/); unknown archive format: .exe
    Skipping link http://effbot.org/media/downloads/effbot-1.0.15-20030711.exe (from http://effbot.org/downloads/); unknown archive format: .exe
    Skipping link http://effbot.org/media/downloads/blogping-1.0.effbot (from http://effbot.org/downloads/); unknown archive format: .effbot
    Skipping link http://effbot.org/media/downloads/comhem-1.2.effbot (from http://effbot.org/downloads/); unknown archive format: .effbot
    Skipping link http://effbot.org/media/downloads/effnews-1.0.17.effbot (from http://effbot.org/downloads/); unknown archive format: .effbot
    Skipping link http://effbot.org/media/downloads/effnews-1.0.20.effbot (from http://effbot.org/downloads/); unknown archive format: .effbot
    Skipping link http://effbot.org/media/downloads/effnews-1.0.21.effbot (from http://effbot.org/downloads/); unknown archive format: .effbot
    Skipping link http://effbot.org/media/downloads/imageview-0.0.3.effbot (from http://effbot.org/downloads/); unknown archive format: .effbot
    Skipping link http://effbot.org/media/downloads/pil114-1.1.4b1.effbot (from http://effbot.org/downloads/); unknown archive format: .effbot
    Skipping link http://effbot.org/downloads/#effbot.org (from http://effbot.org/downloads/); not a file
    Skipping link http://effbot.org/media/downloads/effbot.org-0.1-20041009.win32.exe (from http://effbot.org/downloads/); unknown archive format: .exe
    Skipping link http://effbot.org/media/downloads/effbot.org-0.1-20041009.zip (from http://effbot.org/downloads/); wrong project name (not pil)
    Skipping link http://svn.effbot.org/public/tags/effbot.org-0.2-20050530 (from http://effbot.org/downloads/); unknown archive format: .2-20050530
    Skipping link http://svn.effbot.org/public/tags/effbot.org-0.1-20041009 (from http://effbot.org/downloads/); unknown archive format: .1-20041009
    Skipping link http://effbot.org/downloads/#effnews (from http://effbot.org/downloads/); not a file
    Skipping link http://effbot.org/zone/effnews.htm (from http://effbot.org/downloads/); unknown archive format: .htm
    Skipping link http://effbot.org/media/downloads/effnews-4.zip (from http://effbot.org/downloads/); wrong project name (not pil)
    Skipping link http://effbot.org/downloads/#elementsoap (from http://effbot.org/downloads/); not a file
    Skipping link http://www.w3.org/TR/SOAP/ (from http://effbot.org/downloads/); not a file
    Skipping link http://www.google.com/apis (from http://effbot.org/downloads/); not a file
    Skipping link http://effbot.org/zone/element-soap.htm (from http://effbot.org/downloads/); unknown archive format: .htm
    Skipping link http://effbot.org/media/downloads/elementsoap-0.6-20071224.win32.exe (from http://effbot.org/downloads/); unknown archive format: .exe
    Skipping link http://effbot.org/media/downloads/elementsoap-0.6-20071224.zip (from http://effbot.org/downloads/); wrong project name (not pil)
    Skipping link http://effbot.org/media/downloads/elementsoap-0.5-20061119.zip (from http://effbot.org/downloads/); wrong project name (not pil)
    Skipping link http://effbot.org/media/downloads/elementsoap-0.3-20031123.win32.exe (from http://effbot.org/downloads/); unknown archive format: .exe
    Skipping link http://effbot.org/media/downloads/elementsoap-0.3-20031123.zip (from http://effbot.org/downloads/); wrong project name (not pil)
    Skipping link http://svn.effbot.org/public/tags/elementsoap-0.6-20071224 (from http://effbot.org/downloads/); unknown archive format: .6-20071224
    Skipping link http://effbot.org/downloads/#elementtidy (from http://effbot.org/downloads/); not a file
    Skipping link http://tidy.sourceforge.net/ (from http://effbot.org/downloads/); not a file
    Skipping link http://effbot.org/zone/element-tidylib.htm (from http://effbot.org/downloads/); unknown archive format: .htm
    Skipping link http://effbot.org/media/downloads/elementtidy-1.0-20050212.win32-py2.6.exe (from http://effbot.org/downloads/); unknown archive format: .exe
    Skipping link http://effbot.org/media/downloads/elementtidy-1.0-20050212.win32-py2.5.exe (from http://effbot.org/downloads/); unknown archive format: .exe
    Skipping link http://effbot.org/media/downloads/elementtidy-1.0-20050212.win32-py2.4.exe (from http://effbot.org/downloads/); unknown archive format: .exe
    Skipping link http://effbot.org/media/downloads/elementtidy-1.0-20050212.win32-py2.3.exe (from http://effbot.org/downloads/); unknown archive format: .exe
    Skipping link http://effbot.org/media/downloads/elementtidy-1.0-20050212.win32-py2.2.exe (from http://effbot.org/downloads/); unknown archive format: .exe
    Skipping link http://effbot.org/media/downloads/elementtidy-1.0-20050212.win32-py2.1.exe (from http://effbot.org/downloads/); unknown archive format: .exe
    Skipping link http://effbot.org/media/downloads/elementtidy-1.0-20050212.zip (from http://effbot.org/downloads/); wrong project name (not pil)
    Skipping link http://effbot.org/media/downloads/elementtree-1.2.7-20070827-preview.win32.exe (from http://effbot.org/downloads/); unknown archive format: .exe
    Skipping link http://effbot.org/media/downloads/elementtree-1.2.7-20070827-preview.zip (from http://effbot.org/downloads/); wrong project name (not pil)
    Skipping link http://effbot.org/media/downloads/elementtree-1.2.6-20050316.win32.exe (from http://effbot.org/downloads/); unknown archive format: .exe
    Skipping link http://effbot.org/media/downloads/elementtree-1.2.6-20050316.tar.gz (from http://effbot.org/downloads/); wrong project name (not pil)
    Skipping link http://effbot.org/media/downloads/elementtree-1.2.6-20050316.zip (from http://effbot.org/downloads/); wrong project name (not pil)
    Skipping link http://effbot.org/media/downloads/elementtree-1.2-20040618.tar.gz (from http://effbot.org/downloads/); wrong project name (not pil)
    Skipping link http://effbot.org/media/downloads/elementtree-1.2-20040618.zip (from http://effbot.org/downloads/); wrong project name (not pil)
    Skipping link http://effbot.org/media/downloads/elementtree-1.1-20030511.zip (from http://effbot.org/downloads/); wrong project name (not pil)
    Skipping link http://effbot.org/media/downloads/elementtree-1.0-20020728.zip (from http://effbot.org/downloads/); wrong project name (not pil)
    Skipping link http://svn.effbot.org/public/tags/elementtree-1.3a3-20070912 (from http://effbot.org/downloads/); unknown archive format: .3a3-20070912
    Skipping link http://svn.effbot.org/public/tags/elementtree-1.2.7-20070827-preview (from http://effbot.org/downloads/); unknown archive format: .7-20070827-preview
    Skipping link http://svn.effbot.org/public/tags/elementtree-1.2.6-20050316 (from http://effbot.org/downloads/); unknown archive format: .6-20050316
    Skipping link http://svn.effbot.org/public/tags/elementtree-1.2.5-20050302 (from http://effbot.org/downloads/); unknown archive format: .5-20050302
    Skipping link http://svn.effbot.org/public/tags/elementtree-1.2.4-20041228 (from http://effbot.org/downloads/); unknown archive format: .4-20041228
    Skipping link http://svn.effbot.org/public/tags/elementtree-1.2-20040618 (from http://effbot.org/downloads/); unknown archive format: .2-20040618
    Skipping link http://effbot.org/downloads/#exemaker (from http://effbot.org/downloads/); not a file
    Skipping link http://effbot.org/zone/exemaker.htm (from http://effbot.org/downloads/); unknown archive format: .htm
    Skipping link http://effbot.org/media/downloads/exemaker-1.2-20041012.zip (from http://effbot.org/downloads/); wrong project name (not pil)
    Skipping link http://effbot.org/downloads/#ftpparse (from http://effbot.org/downloads/); not a file
    Skipping link http://effbot.org/media/downloads/ftpparse-1.1-20021124.zip (from http://effbot.org/downloads/); wrong project name (not pil)
    Skipping link http://effbot.org/downloads/#grabscreen (from http://effbot.org/downloads/); not a file
    Skipping link http://effbot.org/media/downloads/grabscreen-1.0-20010426.zip (from http://effbot.org/downloads/); wrong project name (not pil)
    Skipping link http://effbot.org/downloads/#imaging (from http://effbot.org/downloads/); not a file
    Skipping link http://effbot.org/zone/pil-index.htm (from http://effbot.org/downloads/); unknown archive format: .htm
    Skipping link http://effbot.org/media/downloads/Imaging-1.1.7.tar.gz (from http://effbot.org/downloads/); wrong project name (not pil)
    Skipping link http://effbot.org/media/downloads/Imaging-1.1.6.tar.gz (from http://effbot.org/downloads/); wrong project name (not pil)
    Skipping link http://effbot.org/media/downloads/Imaging-1.1.5.tar.gz (from http://effbot.org/downloads/); wrong project name (not pil)
    Skipping link http://effbot.org/media/downloads/Imaging-1.1.4.tar.gz (from http://effbot.org/downloads/); wrong project name (not pil)
    Skipping link http://effbot.org/media/downloads/Imaging-1.1.3.tar.gz (from http://effbot.org/downloads/); wrong project name (not pil)
    Skipping link http://effbot.org/media/downloads/Imaging-1.1.2.tar.gz (from http://effbot.org/downloads/); wrong project name (not pil)
    Skipping link http://effbot.org/media/downloads/Imaging-1.1.1.tar.gz (from http://effbot.org/downloads/); wrong project name (not pil)
    Skipping link http://svn.effbot.org/public/tags/pil-1.1.7b1-20090412 (from http://effbot.org/downloads/); unknown archive format: .7b1-20090412
    Skipping link http://svn.effbot.org/public/tags/pil-1.1.7a2-20090328 (from http://effbot.org/downloads/); unknown archive format: .7a2-20090328
    Skipping link http://svn.effbot.org/public/tags/pil-1.1.7a1-20090317 (from http://effbot.org/downloads/); unknown archive format: .7a1-20090317
    Skipping link http://svn.effbot.org/public/tags/pil-1.1.7 (from http://effbot.org/downloads/); unknown archive format: .7
    Skipping link http://svn.effbot.org/public/tags/pil-1.1.6 (from http://effbot.org/downloads/); unknown archive format: .6
    Skipping link http://svn.effbot.org/public/tags/pil-1.1.5 (from http://effbot.org/downloads/); unknown archive format: .5
    Skipping link http://svn.effbot.org/public/tags/pil-1.1.4 (from http://effbot.org/downloads/); unknown archive format: .4
    Skipping link http://svn.effbot.org/public/tags/pil-1.1.3 (from http://effbot.org/downloads/); unknown archive format: .3
    Skipping link http://svn.effbot.org/public/tags/pil-1.1.2 (from http://effbot.org/downloads/); unknown archive format: .2
    Skipping link http://svn.effbot.org/public/tags/pil-1.1.1 (from http://effbot.org/downloads/); unknown archive format: .1
    Skipping link http://effbot.org/media/downloads/PIL-1.1.7a2-py2.5-macosx10.5.mpkg.zip (from http://effbot.org/downloads/); macosx10 one
    Skipping link http://effbot.org/media/downloads/PIL-1.1.7.win32-py2.7.exe (from http://effbot.org/downloads/); unknown archive format: .exe
    Skipping link http://effbot.org/media/downloads/PIL-1.1.7.win32-py2.6.exe (from http://effbot.org/downloads/); unknown archive format: .exe
    Skipping link http://effbot.org/media/downloads/PIL-1.1.7.win32-py2.5.exe (from http://effbot.org/downloads/); unknown archive format: .exe
    Skipping link http://effbot.org/media/downloads/PIL-1.1.7.win32-py2.4.exe (from http://effbot.org/downloads/); unknown archive format: .exe
    Skipping link http://effbot.org/media/downloads/PIL-1.1.7.win32-py2.3.exe (from http://effbot.org/downloads/); unknown archive format: .exe
    Found link http://effbot.org/media/downloads/PIL-1.1.7.tar.gz (from http://effbot.org/downloads/), version: 1.1.7
    Skipping link http://effbot.org/media/downloads/PIL-1.1.6.win32-py2.6.exe (from http://effbot.org/downloads/); unknown archive format: .exe
    Skipping link http://effbot.org/media/downloads/PIL-1.1.6.win32-py2.5.exe (from http://effbot.org/downloads/); unknown archive format: .exe
    Skipping link http://effbot.org/media/downloads/PIL-1.1.6.win32-py2.4.exe (from http://effbot.org/downloads/); unknown archive format: .exe
    Skipping link http://effbot.org/media/downloads/PIL-1.1.6.win32-py2.3.exe (from http://effbot.org/downloads/); unknown archive format: .exe
    Skipping link http://effbot.org/media/downloads/PIL-1.1.6.win32-py2.2.exe (from http://effbot.org/downloads/); unknown archive format: .exe
    Skipping link http://effbot.org/media/downloads/PIL-1.1.5.win32-py2.5.exe (from http://effbot.org/downloads/); unknown archive format: .exe
    Skipping link http://effbot.org/media/downloads/PIL-1.1.5.win32-py2.4.exe (from http://effbot.org/downloads/); unknown archive format: .exe
    Skipping link http://effbot.org/media/downloads/PIL-1.1.5.win32-py2.3.exe (from http://effbot.org/downloads/); unknown archive format: .exe
    Skipping link http://effbot.org/media/downloads/PIL-1.1.5.win32-py2.2.exe (from http://effbot.org/downloads/); unknown archive format: .exe
    Skipping link http://effbot.org/media/downloads/PIL-1.1.5.win32-py2.1.exe (from http://effbot.org/downloads/); unknown archive format: .exe
    Skipping link http://effbot.org/media/downloads/PIL-1.1.4.win32-py2.3.exe (from http://effbot.org/downloads/); unknown archive format: .exe
    Skipping link http://effbot.org/media/downloads/PIL-1.1.4.win32-py2.2.exe (from http://effbot.org/downloads/); unknown archive format: .exe
    Skipping link http://effbot.org/media/downloads/PIL-1.1.4.win32-py2.1.exe (from http://effbot.org/downloads/); unknown archive format: .exe
    Skipping link http://effbot.org/downloads/#pilfonts (from http://effbot.org/downloads/); not a file
    Could not parse version from link: http://effbot.org/media/downloads/pilfonts.zip (from http://effbot.org/downloads/)
    Skipping link http://effbot.org/media/downloads/pilfonts.zip (from http://effbot.org/downloads/); wrong project name (not pil)
    Skipping link http://effbot.org/downloads/#pilwmf (from http://effbot.org/downloads/); not a file
    Skipping link http://effbot.org/media/downloads/pilwmf-1.0b2-20040224.win32-py2.3.exe (from http://effbot.org/downloads/); unknown archive format: .exe
    Skipping link http://effbot.org/media/downloads/pilwmf-1.0b2-20040224.win32-py2.1.exe (from http://effbot.org/downloads/); unknown archive format: .exe
    Found link http://effbot.org/media/downloads/pilwmf-1.0b2-20040224.zip (from http://effbot.org/downloads/), version: wmf-1.0b2-20040224
    Skipping link http://effbot.org/downloads/#pythondoc (from http://effbot.org/downloads/); not a file
    Skipping link http://effbot.org/media/downloads/pythondoc-2.1b7-20070909.zip (from http://effbot.org/downloads/); wrong project name (not pil)
    Skipping link http://effbot.org/media/downloads/pythondoc-2.0-20031103.win32.exe (from http://effbot.org/downloads/); unknown archive format: .exe
    Skipping link http://effbot.org/media/downloads/pythondoc-2.0-20031103.tar.gz (from http://effbot.org/downloads/); wrong project name (not pil)
    Skipping link http://effbot.org/media/downloads/pythondoc-2.0-20031103.zip (from http://effbot.org/downloads/); wrong project name (not pil)
    Skipping link http://svn.effbot.org/public/tags/pythondoc-2.1b4-20050618 (from http://effbot.org/downloads/); unknown archive format: .1b4-20050618
    Skipping link http://svn.effbot.org/public/tags/pythondoc-2.1b3-20050325 (from http://effbot.org/downloads/); unknown archive format: .1b3-20050325
    Skipping link http://svn.effbot.org/public/tags/pythondoc-2.1b2-20040905 (from http://effbot.org/downloads/); unknown archive format: .1b2-20040905
    Skipping link http://svn.effbot.org/public/tags/pythondoc-2.1b1-20040901 (from http://effbot.org/downloads/); unknown archive format: .1b1-20040901
    Skipping link http://svn.effbot.org/public/tags/pythondoc-2.0-20031103 (from http://effbot.org/downloads/); unknown archive format: .0-20031103
    Skipping link http://effbot.org/downloads/#sgmlop (from http://effbot.org/downloads/); not a file
    Skipping link http://effbot.org/zone/sgmlop-index.htm (from http://effbot.org/downloads/); unknown archive format: .htm
    Skipping link http://effbot.org/media/downloads/sgmlop-1.1.1-20040207.win32-py2.5.exe (from http://effbot.org/downloads/); unknown archive format: .exe
    Skipping link http://effbot.org/media/downloads/sgmlop-1.1.1-20040207.win32-py2.4.exe (from http://effbot.org/downloads/); unknown archive format: .exe
    Skipping link http://effbot.org/media/downloads/sgmlop-1.1.1-20040207.win32-py2.3.exe (from http://effbot.org/downloads/); unknown archive format: .exe
    Skipping link http://effbot.org/media/downloads/sgmlop-1.1.1-20040207.zip (from http://effbot.org/downloads/); wrong project name (not pil)
    Skipping link http://effbot.org/media/downloads/sgmlop-1.1-20030913.zip (from http://effbot.org/downloads/); wrong project name (not pil)
    Skipping link http://effbot.org/downloads/#squeeze (from http://effbot.org/downloads/); not a file
    Skipping link http://effbot.org/zone/squeeze.htm (from http://effbot.org/downloads/); unknown archive format: .htm
    Skipping link http://effbot.org/media/downloads/squeeze-1.6-19980504.zip (from http://effbot.org/downloads/); wrong project name (not pil)
    Skipping link http://effbot.org/downloads/#sre (from http://effbot.org/downloads/); not a file
    Skipping link http://effbot.org/media/downloads/sre-2.2.1.zip (from http://effbot.org/downloads/); wrong project name (not pil)
    Skipping link http://effbot.org/downloads/#subprocess (from http://effbot.org/downloads/); not a file
    Skipping link http://www.lysator.liu.se/%7eastrand/popen5/ (from http://effbot.org/downloads/); not a file
    Skipping link http://www.python.org/peps/pep-0324.html (from http://effbot.org/downloads/); unknown archive format: .html
    Skipping link http://effbot.org/media/downloads/subprocess-0.1-20041012.win32-py2.3.exe (from http://effbot.org/downloads/); unknown archive format: .exe
    Skipping link http://effbot.org/media/downloads/subprocess-0.1-20041012.win32-py2.2.exe (from http://effbot.org/downloads/); unknown archive format: .exe
    Skipping link http://effbot.org/downloads/#tkicon (from http://effbot.org/downloads/); not a file
    Skipping link http://effbot.org/media/downloads/tkicon-0.9-19980218.win32-py2.1.exe (from http://effbot.org/downloads/); unknown archive format: .exe
    Skipping link http://effbot.org/media/downloads/tkicon-0.9-19980218.zip (from http://effbot.org/downloads/); wrong project name (not pil)
    Skipping link http://effbot.org/downloads/#tkinter3000 (from http://effbot.org/downloads/); not a file
    Skipping link http://effbot.org/zone/wck.htm (from http://effbot.org/downloads/); unknown archive format: .htm
    Skipping link http://effbot.org/zone/tkinter-index.htm (from http://effbot.org/downloads/); unknown archive format: .htm
    Skipping link http://effbot.org/media/downloads/tkinter3000-1.1.1-20061204.win32-py2.6.exe (from http://effbot.org/downloads/); unknown archive format: .exe
    Skipping link http://effbot.org/media/downloads/tkinter3000-1.1.1-20061204.win32-py2.5.exe (from http://effbot.org/downloads/); unknown archive format: .exe
    Skipping link http://effbot.org/media/downloads/tkinter3000-1.1.1-20061204.win32-py2.4.exe (from http://effbot.org/downloads/); unknown archive format: .exe
    Skipping link http://effbot.org/media/downloads/tkinter3000-1.1.1-20061204.win32-py2.3.exe (from http://effbot.org/downloads/); unknown archive format: .exe
    Skipping link http://effbot.org/media/downloads/tkinter3000-1.1.1-20061204.zip (from http://effbot.org/downloads/); wrong project name (not pil)
    Skipping link http://effbot.org/media/downloads/tkinter3000-1.1-20051211.win32-py2.4.exe (from http://effbot.org/downloads/); unknown archive format: .exe
    Skipping link http://effbot.org/media/downloads/tkinter3000-1.0-20031212.tar.gz (from http://effbot.org/downloads/); wrong project name (not pil)
    Skipping link http://effbot.org/media/downloads/tkinter3000-1.0-20031212.zip (from http://effbot.org/downloads/); wrong project name (not pil)
    Skipping link http://svn.effbot.org/public/tags/wck-tkinter3000-1.1b1-20051015 (from http://effbot.org/downloads/); unknown archive format: .1b1-20051015
    Skipping link http://svn.effbot.org/public/tags/wck-tkinter3000-1.1a1-20040905 (from http://effbot.org/downloads/); unknown archive format: .1a1-20040905
    Skipping link http://svn.effbot.org/public/tags/wck-tkinter3000-1.1-20051211 (from http://effbot.org/downloads/); unknown archive format: .1-20051211
    Skipping link http://svn.effbot.org/public/tags/wck-tkinter3000-1.0-20031212 (from http://effbot.org/downloads/); unknown archive format: .0-20031212
    Skipping link http://effbot.org/downloads/#wckgraph (from http://effbot.org/downloads/); not a file
    Skipping link http://effbot.org/zone/wckgraph.htm (from http://effbot.org/downloads/); unknown archive format: .htm
    Skipping link http://effbot.org/media/downloads/wckgraph-0.5-20040421.zip (from http://effbot.org/downloads/); wrong project name (not pil)
    Skipping link http://effbot.org/downloads/#xmlrpclib (from http://effbot.org/downloads/); not a file
    Skipping link http://effbot.org/media/downloads/xmlrpclib-1.0.1.zip (from http://effbot.org/downloads/); wrong project name (not pil)
    Skipping link http://effbot.org/downloads/ (from http://effbot.org/downloads/); not a file
  Using version 1.1.7 (newest of versions: 1.1.7, wmf-1.0b2-20040224)
  Downloading from URL http://effbot.org/media/downloads/PIL-1.1.7.tar.gz (from http://effbot.org/downloads/)
  Running setup.py egg_info for package pil

    WARNING: '' not a valid package name; please use only.-separated package names in setup.py

    running egg_info
    creating pip-egg-info/PIL.egg-info
    writing pip-egg-info/PIL.egg-info/PKG-INFO
    writing top-level names to pip-egg-info/PIL.egg-info/top_level.txt
    writing dependency_links to pip-egg-info/PIL.egg-info/dependency_links.txt
    writing manifest file 'pip-egg-info/PIL.egg-info/SOURCES.txt'
    warning: manifest_maker: standard file '-c' not found
    reading manifest file 'pip-egg-info/PIL.egg-info/SOURCES.txt'
    writing manifest file 'pip-egg-info/PIL.egg-info/SOURCES.txt'
Downloading/unpacking aptus

  Getting page http://pypi.python.org/simple/aptus
  URLs to search for versions for aptus:
  * http://pypi.python.org/simple/aptus/
  Getting page http://pypi.python.org/simple/aptus/
  Getting page http://nedbatchelder.com/code/aptus
  Analyzing links from page http://pypi.python.org/simple/Aptus/
    Skipping link http://nedbatchelder.com/code/aptus (from http://pypi.python.org/simple/Aptus/); not a file
  Analyzing links from page http://nedbatchelder.com/code/aptus/
    Skipping link http://nedbatchelder.com (from http://nedbatchelder.com/code/aptus/); not a file
    Skipping link http://nedbatchelder.com/style.css (from http://nedbatchelder.com/code/aptus/); unknown archive format: .css
    Skipping link http://nedbatchelder.com/printstyle.css (from http://nedbatchelder.com/code/aptus/); unknown archive format: .css
    Skipping link http://nedbatchelder.com/ (from http://nedbatchelder.com/code/aptus/); not a file
    Skipping link http://nedbatchelder.com/blog (from http://nedbatchelder.com/code/aptus/); not a file
    Skipping link http://nedbatchelder.com/code (from http://nedbatchelder.com/code/aptus/); not a file
    Skipping link http://nedbatchelder.com/text (from http://nedbatchelder.com/code/aptus/); not a file
    Skipping link http://nedbatchelder.com/site (from http://nedbatchelder.com/code/aptus/); not a file
    Skipping link http://nedbatchelder.com/code/aptus/JamesGiantPeach.png (from http://nedbatchelder.com/code/aptus/); unknown archive format: .png
    Skipping link http://wxpython.org/ (from http://nedbatchelder.com/code/aptus/); not a file
    Skipping link http://numpy.scipy.org/ (from http://nedbatchelder.com/code/aptus/); not a file
    Skipping link http://pythonware.com/products/pil/ (from http://nedbatchelder.com/code/aptus/); not a file
    Found link http://nedbatchelder.com/code/aptus/Aptus-2.0.tar.gz (from http://nedbatchelder.com/code/aptus/), version: 2.0
    Skipping link http://nedbatchelder.com/code/aptus/Aptus-2.0.win32-py2.5.exe (from http://nedbatchelder.com/code/aptus/); unknown archive format: .exe
    Skipping link http://bitbucket.org/ned/aptus/ (from http://nedbatchelder.com/code/aptus/); not a file
    Skipping link http://nedbatchelder.com/blog/200206/xaos.html (from http://nedbatchelder.com/code/aptus/); unknown archive format: .html
    Skipping link http://hbar.servebeer.com/mandelbrot/coordinates.html (from http://nedbatchelder.com/code/aptus/); unknown archive format: .html
    Skipping link http://nedbatchelder.com/code/aptus/DragonTails.png (from http://nedbatchelder.com/code/aptus/); unknown archive format: .png
    Skipping link http://nedbatchelder.com/code/aptus/FringedBabies.png (from http://nedbatchelder.com/code/aptus/); unknown archive format: .png
    Skipping link http://nedbatchelder.com/code/aptus/GreenSeahorses.png (from http://nedbatchelder.com/code/aptus/); unknown archive format: .png
    Skipping link http://nedbatchelder.com/code/aptus/PaisleySpiral.png (from http://nedbatchelder.com/code/aptus/); unknown archive format: .png
    Skipping link http://gnofract4d.sourceforge.net/ (from http://nedbatchelder.com/code/aptus/); not a file
    Skipping link http://gustaf.symbiandiaries.com/weblog/ (from http://nedbatchelder.com/code/aptus/); not a file
    Skipping link http://peppy.flipturn.org (from http://nedbatchelder.com/code/aptus/); not a file
    Skipping link http://fraktal.republika.pl (from http://nedbatchelder.com/code/aptus/); not a file
    Skipping link http://nedbatchelder.com/site/hirened.html (from http://nedbatchelder.com/code/aptus/); unknown archive format: .html
    Skipping link http://nedbatchelder.com/site/aboutned.html (from http://nedbatchelder.com/code/aptus/); unknown archive format: .html
    Skipping link http://twitter.com/nedbat (from http://nedbatchelder.com/code/aptus/); not a file
    Skipping link http://susansenator.com/makingpeace.html (from http://nedbatchelder.com/code/aptus/); unknown archive format: .html
    Skipping link http://susansenator.com/survivalguide.html (from http://nedbatchelder.com/code/aptus/); unknown archive format: .html
    Skipping link http://nedbatchelder.com/site/legal.html (from http://nedbatchelder.com/code/aptus/); unknown archive format: .html
  Downloading from URL http://nedbatchelder.com/code/aptus/Aptus-2.0.tar.gz (from http://nedbatchelder.com/code/aptus/)
  Running setup.py egg_info for package aptus

    Traceback (most recent call last):

      File "<string>", line 14, in <module>

      File "/home/stu/testingpip/build/aptus/setup.py", line 15, in <module>

        raise Exception("Need numpy, from http://numpy.scipy.org/")

    Exception: Need numpy, from http://numpy.scipy.org/

    Complete output from command python setup.py egg_info:

    Traceback (most recent call last):

  File "<string>", line 14, in <module>

  File "/home/stu/testingpip/build/aptus/setup.py", line 15, in <module>

    raise Exception("Need numpy, from http://numpy.scipy.org/")

Exception: Need numpy, from http://numpy.scipy.org/

----------------------------------------

Command python setup.py egg_info failed with error code 1 in /home/stu/testingpip/build/aptus

Exception information:
Traceback (most recent call last):
  File "/home/stu/testingpip/lib/python2.6/site-packages/pip-1.1-py2.6.egg/pip/basecommand.py", line 104, in main
    status = self.run(options, args)
  File "/home/stu/testingpip/lib/python2.6/site-packages/pip-1.1-py2.6.egg/pip/commands/install.py", line 245, in run
    requirement_set.prepare_files(finder, force_root_egg_info=self.bundle, bundle=self.bundle)
  File "/home/stu/testingpip/lib/python2.6/site-packages/pip-1.1-py2.6.egg/pip/req.py", line 1009, in prepare_files
    req_to_install.run_egg_info()
  File "/home/stu/testingpip/lib/python2.6/site-packages/pip-1.1-py2.6.egg/pip/req.py", line 225, in run_egg_info
    command_desc='python setup.py egg_info')
  File "/home/stu/testingpip/lib/python2.6/site-packages/pip-1.1-py2.6.egg/pip/__init__.py", line 256, in call_subprocess
    % (command_desc, proc.returncode, cwd))
InstallationError: Command python setup.py egg_info failed with error code 1 in /home/stu/testingpip/build/aptus
